<?xml version="1.0" encoding="utf-8"?>
<CoverageSession>
  <Summary numSequencePoints="2343" visitedSequencePoints="271" numBranchPoints="298" visitedBranchPoints="45" sequenceCoverage="11.56" branchCoverage="15.1" maxCyclomaticComplexity="410" minCyclomaticComplexity="410" visitedClasses="18" numClasses="46" visitedMethods="80" numMethods="137" />
  <Modules>
    <Module hash="4492BA03-05B2-461B-AF98-BEFD68898B62">
      <ModulePath>Prime.dll</ModulePath>
      <ModuleTime>2019-10-08T04:46:21</ModuleTime>
      <ModuleName>Prime</ModuleName>
      <Files>
        <File uid="1" fullPath="c:\Mark\Prime\github\prime-dotnet-webapi\ApiDbContext.cs" />
        <File uid="2" fullPath="c:\Mark\Prime\github\prime-dotnet-webapi\AuthenticationSetup.cs" />
        <File uid="3" fullPath="c:\Mark\Prime\github\prime-dotnet-webapi\PrimeUtils.cs" />
        <File uid="4" fullPath="c:\Mark\Prime\github\prime-dotnet-webapi\Program.cs" />
        <File uid="5" fullPath="c:\Mark\Prime\github\prime-dotnet-webapi\Startup.cs" />
        <File uid="6" fullPath="c:\Mark\Prime\github\prime-dotnet-webapi\Services\DefaultEnrolmentService.cs" />
        <File uid="7" fullPath="c:\Mark\Prime\github\prime-dotnet-webapi\Services\DefaultLookupService.cs" />
        <File uid="8" fullPath="c:\Mark\Prime\github\prime-dotnet-webapi\Models\Address.cs" />
        <File uid="9" fullPath="c:\Mark\Prime\github\prime-dotnet-webapi\Models\Certification.cs" />
        <File uid="10" fullPath="c:\Mark\Prime\github\prime-dotnet-webapi\Models\College.cs" />
        <File uid="11" fullPath="c:\Mark\Prime\github\prime-dotnet-webapi\Models\Enrollee.cs" />
        <File uid="12" fullPath="c:\Mark\Prime\github\prime-dotnet-webapi\Models\Enrolment.cs" />
        <File uid="13" fullPath="c:\Mark\Prime\github\prime-dotnet-webapi\Models\Job.cs" />
        <File uid="14" fullPath="c:\Mark\Prime\github\prime-dotnet-webapi\Models\JobName.cs" />
        <File uid="15" fullPath="c:\Mark\Prime\github\prime-dotnet-webapi\Models\License.cs" />
        <File uid="16" fullPath="c:\Mark\Prime\github\prime-dotnet-webapi\Models\LookupEntity.cs" />
        <File uid="17" fullPath="c:\Mark\Prime\github\prime-dotnet-webapi\Models\Organization.cs" />
        <File uid="18" fullPath="c:\Mark\Prime\github\prime-dotnet-webapi\Models\OrganizationName.cs" />
        <File uid="19" fullPath="c:\Mark\Prime\github\prime-dotnet-webapi\Models\OrganizationType.cs" />
        <File uid="20" fullPath="c:\Mark\Prime\github\prime-dotnet-webapi\Models\Practice.cs" />
        <File uid="21" fullPath="c:\Mark\Prime\github\prime-dotnet-webapi\Migrations\20191004184644_InitialCreate.cs" />
        <File uid="22" fullPath="c:\Mark\Prime\github\prime-dotnet-webapi\Migrations\20191004184644_InitialCreate.Designer.cs" />
        <File uid="23" fullPath="c:\Mark\Prime\github\prime-dotnet-webapi\Migrations\20191007174122_AddDeclarationDetails.cs" />
        <File uid="24" fullPath="c:\Mark\Prime\github\prime-dotnet-webapi\Migrations\20191007174122_AddDeclarationDetails.Designer.cs" />
        <File uid="25" fullPath="c:\Mark\Prime\github\prime-dotnet-webapi\Migrations\ApiDbContextModelSnapshot.cs" />
        <File uid="26" fullPath="c:\Mark\Prime\github\prime-dotnet-webapi\Controllers\EnrolmentController.cs" />
        <File uid="27" fullPath="c:\Mark\Prime\github\prime-dotnet-webapi\Controllers\LookupController.cs" />
      </Files>
      <Classes>
        <Class>
          <Summary numSequencePoints="59" visitedSequencePoints="59" numBranchPoints="0" visitedBranchPoints="0" sequenceCoverage="100" branchCoverage="100" maxCyclomaticComplexity="1" minCyclomaticComplexity="1" visitedClasses="1" numClasses="1" visitedMethods="3" numMethods="3" />
          <FullName>Prime.ApiDbContext</FullName>
          <Methods>
            <Method cyclomaticComplexity="1" nPathComplexity="0" sequenceCoverage="100" branchCoverage="100" isConstructor="False" isGetter="True" isSetter="False" isStatic="True">
              <Summary numSequencePoints="1" visitedSequencePoints="1" numBranchPoints="0" visitedBranchPoints="0" sequenceCoverage="100" branchCoverage="100" maxCyclomaticComplexity="1" minCyclomaticComplexity="1" visitedClasses="0" numClasses="0" visitedMethods="1" numMethods="1" />
              <MetadataToken />
              <Name>Microsoft.EntityFrameworkCore.DbSet`1&lt;Prime.Models.Enrolment&gt; Prime.ApiDbContext::get_Enrolments()</Name>
              <FileRef uid="1" />
              <SequencePoints>
                <SequencePoint vc="32" uspid="17" ordinal="0" sl="17" sc="1" el="17" ec="2" bec="0" bev="0" fileid="1" />
              </SequencePoints>
              <BranchPoints />
              <MethodPoint vc="1" uspid="0" p8:type="SequencePoint" ordinal="0" offset="0" sc="0" sl="17" ec="1" el="17" bec="0" bev="0" fileid="1" xmlns:p8="xsi" />
            </Method>
            <Method cyclomaticComplexity="1" nPathComplexity="0" sequenceCoverage="100" branchCoverage="100" isConstructor="False" isGetter="False" isSetter="False" isStatic="True">
              <Summary numSequencePoints="55" visitedSequencePoints="55" numBranchPoints="0" visitedBranchPoints="0" sequenceCoverage="100" branchCoverage="100" maxCyclomaticComplexity="1" minCyclomaticComplexity="1" visitedClasses="0" numClasses="0" visitedMethods="1" numMethods="1" />
              <MetadataToken />
              <Name>System.Void Prime.ApiDbContext::OnModelCreating(Microsoft.EntityFrameworkCore.ModelBuilder)</Name>
              <FileRef uid="1" />
              <SequencePoints>
                <SequencePoint vc="8" uspid="20" ordinal="0" sl="20" sc="1" el="20" ec="2" bec="0" bev="0" fileid="1" />
                <SequencePoint vc="8" uspid="22" ordinal="1" sl="22" sc="1" el="22" ec="2" bec="0" bev="0" fileid="1" />
                <SequencePoint vc="8" uspid="23" ordinal="2" sl="23" sc="1" el="23" ec="2" bec="0" bev="0" fileid="1" />
                <SequencePoint vc="8" uspid="24" ordinal="3" sl="24" sc="1" el="24" ec="2" bec="0" bev="0" fileid="1" />
                <SequencePoint vc="8" uspid="25" ordinal="4" sl="25" sc="1" el="25" ec="2" bec="0" bev="0" fileid="1" />
                <SequencePoint vc="8" uspid="29" ordinal="5" sl="29" sc="1" el="29" ec="2" bec="0" bev="0" fileid="1" />
                <SequencePoint vc="8" uspid="30" ordinal="6" sl="30" sc="1" el="30" ec="2" bec="0" bev="0" fileid="1" />
                <SequencePoint vc="8" uspid="31" ordinal="7" sl="31" sc="1" el="31" ec="2" bec="0" bev="0" fileid="1" />
                <SequencePoint vc="8" uspid="32" ordinal="8" sl="32" sc="1" el="32" ec="2" bec="0" bev="0" fileid="1" />
                <SequencePoint vc="8" uspid="33" ordinal="9" sl="33" sc="1" el="33" ec="2" bec="0" bev="0" fileid="1" />
                <SequencePoint vc="8" uspid="34" ordinal="10" sl="34" sc="1" el="34" ec="2" bec="0" bev="0" fileid="1" />
                <SequencePoint vc="8" uspid="38" ordinal="11" sl="38" sc="1" el="38" ec="2" bec="0" bev="0" fileid="1" />
                <SequencePoint vc="8" uspid="39" ordinal="12" sl="39" sc="1" el="39" ec="2" bec="0" bev="0" fileid="1" />
                <SequencePoint vc="8" uspid="40" ordinal="13" sl="40" sc="1" el="40" ec="2" bec="0" bev="0" fileid="1" />
                <SequencePoint vc="8" uspid="41" ordinal="14" sl="41" sc="1" el="41" ec="2" bec="0" bev="0" fileid="1" />
                <SequencePoint vc="8" uspid="42" ordinal="15" sl="42" sc="1" el="42" ec="2" bec="0" bev="0" fileid="1" />
                <SequencePoint vc="8" uspid="43" ordinal="16" sl="43" sc="1" el="43" ec="2" bec="0" bev="0" fileid="1" />
                <SequencePoint vc="8" uspid="44" ordinal="17" sl="44" sc="1" el="44" ec="2" bec="0" bev="0" fileid="1" />
                <SequencePoint vc="8" uspid="48" ordinal="18" sl="48" sc="1" el="48" ec="2" bec="0" bev="0" fileid="1" />
                <SequencePoint vc="8" uspid="49" ordinal="19" sl="49" sc="1" el="49" ec="2" bec="0" bev="0" fileid="1" />
                <SequencePoint vc="8" uspid="50" ordinal="20" sl="50" sc="1" el="50" ec="2" bec="0" bev="0" fileid="1" />
                <SequencePoint vc="8" uspid="51" ordinal="21" sl="51" sc="1" el="51" ec="2" bec="0" bev="0" fileid="1" />
                <SequencePoint vc="8" uspid="52" ordinal="22" sl="52" sc="1" el="52" ec="2" bec="0" bev="0" fileid="1" />
                <SequencePoint vc="8" uspid="53" ordinal="23" sl="53" sc="1" el="53" ec="2" bec="0" bev="0" fileid="1" />
                <SequencePoint vc="8" uspid="57" ordinal="24" sl="57" sc="1" el="57" ec="2" bec="0" bev="0" fileid="1" />
                <SequencePoint vc="8" uspid="58" ordinal="25" sl="58" sc="1" el="58" ec="2" bec="0" bev="0" fileid="1" />
                <SequencePoint vc="8" uspid="59" ordinal="26" sl="59" sc="1" el="59" ec="2" bec="0" bev="0" fileid="1" />
                <SequencePoint vc="8" uspid="60" ordinal="27" sl="60" sc="1" el="60" ec="2" bec="0" bev="0" fileid="1" />
                <SequencePoint vc="8" uspid="61" ordinal="28" sl="61" sc="1" el="61" ec="2" bec="0" bev="0" fileid="1" />
                <SequencePoint vc="8" uspid="62" ordinal="29" sl="62" sc="1" el="62" ec="2" bec="0" bev="0" fileid="1" />
                <SequencePoint vc="8" uspid="63" ordinal="30" sl="63" sc="1" el="63" ec="2" bec="0" bev="0" fileid="1" />
                <SequencePoint vc="8" uspid="64" ordinal="31" sl="64" sc="1" el="64" ec="2" bec="0" bev="0" fileid="1" />
                <SequencePoint vc="8" uspid="65" ordinal="32" sl="65" sc="1" el="65" ec="2" bec="0" bev="0" fileid="1" />
                <SequencePoint vc="8" uspid="66" ordinal="33" sl="66" sc="1" el="66" ec="2" bec="0" bev="0" fileid="1" />
                <SequencePoint vc="8" uspid="70" ordinal="34" sl="70" sc="1" el="70" ec="2" bec="0" bev="0" fileid="1" />
                <SequencePoint vc="8" uspid="71" ordinal="35" sl="71" sc="1" el="71" ec="2" bec="0" bev="0" fileid="1" />
                <SequencePoint vc="8" uspid="72" ordinal="36" sl="72" sc="1" el="72" ec="2" bec="0" bev="0" fileid="1" />
                <SequencePoint vc="8" uspid="73" ordinal="37" sl="73" sc="1" el="73" ec="2" bec="0" bev="0" fileid="1" />
                <SequencePoint vc="8" uspid="77" ordinal="38" sl="77" sc="1" el="77" ec="2" bec="0" bev="0" fileid="1" />
                <SequencePoint vc="8" uspid="78" ordinal="39" sl="78" sc="1" el="78" ec="2" bec="0" bev="0" fileid="1" />
                <SequencePoint vc="8" uspid="79" ordinal="40" sl="79" sc="1" el="79" ec="2" bec="0" bev="0" fileid="1" />
                <SequencePoint vc="8" uspid="80" ordinal="41" sl="80" sc="1" el="80" ec="2" bec="0" bev="0" fileid="1" />
                <SequencePoint vc="8" uspid="84" ordinal="42" sl="84" sc="1" el="84" ec="2" bec="0" bev="0" fileid="1" />
                <SequencePoint vc="8" uspid="85" ordinal="43" sl="85" sc="1" el="85" ec="2" bec="0" bev="0" fileid="1" />
                <SequencePoint vc="8" uspid="86" ordinal="44" sl="86" sc="1" el="86" ec="2" bec="0" bev="0" fileid="1" />
                <SequencePoint vc="8" uspid="87" ordinal="45" sl="87" sc="1" el="87" ec="2" bec="0" bev="0" fileid="1" />
                <SequencePoint vc="8" uspid="89" ordinal="46" sl="89" sc="1" el="89" ec="2" bec="0" bev="0" fileid="1" />
                <SequencePoint vc="8" uspid="90" ordinal="47" sl="90" sc="1" el="90" ec="2" bec="0" bev="0" fileid="1" />
                <SequencePoint vc="8" uspid="91" ordinal="48" sl="91" sc="1" el="91" ec="2" bec="0" bev="0" fileid="1" />
                <SequencePoint vc="8" uspid="92" ordinal="49" sl="92" sc="1" el="92" ec="2" bec="0" bev="0" fileid="1" />
                <SequencePoint vc="8" uspid="94" ordinal="50" sl="94" sc="1" el="94" ec="2" bec="0" bev="0" fileid="1" />
                <SequencePoint vc="8" uspid="95" ordinal="51" sl="95" sc="1" el="95" ec="2" bec="0" bev="0" fileid="1" />
                <SequencePoint vc="8" uspid="96" ordinal="52" sl="96" sc="1" el="96" ec="2" bec="0" bev="0" fileid="1" />
                <SequencePoint vc="8" uspid="97" ordinal="53" sl="97" sc="1" el="97" ec="2" bec="0" bev="0" fileid="1" />
                <SequencePoint vc="8" uspid="99" ordinal="54" sl="99" sc="1" el="99" ec="2" bec="0" bev="0" fileid="1" />
              </SequencePoints>
              <BranchPoints />
              <MethodPoint vc="55" uspid="0" p8:type="SequencePoint" ordinal="1" offset="1" sc="0" sl="20" ec="1" el="99" bec="0" bev="0" fileid="1" xmlns:p8="xsi" />
            </Method>
            <Method cyclomaticComplexity="1" nPathComplexity="0" sequenceCoverage="100" branchCoverage="100" isConstructor="True" isGetter="False" isSetter="False" isStatic="True">
              <Summary numSequencePoints="3" visitedSequencePoints="3" numBranchPoints="0" visitedBranchPoints="0" sequenceCoverage="100" branchCoverage="100" maxCyclomaticComplexity="1" minCyclomaticComplexity="1" visitedClasses="0" numClasses="0" visitedMethods="1" numMethods="1" />
              <MetadataToken />
              <Name>System.Void Prime.ApiDbContext::.ctor(Microsoft.EntityFrameworkCore.DbContextOptions`1&lt;Prime.ApiDbContext&gt;)</Name>
              <FileRef uid="1" />
              <SequencePoints>
                <SequencePoint vc="16" uspid="13" ordinal="0" sl="13" sc="1" el="13" ec="2" bec="0" bev="0" fileid="1" />
                <SequencePoint vc="16" uspid="14" ordinal="1" sl="14" sc="1" el="14" ec="2" bec="0" bev="0" fileid="1" />
                <SequencePoint vc="16" uspid="15" ordinal="2" sl="15" sc="1" el="15" ec="2" bec="0" bev="0" fileid="1" />
              </SequencePoints>
              <BranchPoints />
              <MethodPoint vc="3" uspid="0" p8:type="SequencePoint" ordinal="2" offset="2" sc="0" sl="13" ec="1" el="15" bec="0" bev="0" fileid="1" xmlns:p8="xsi" />
            </Method>
          </Methods>
        </Class>
        <Class>
          <Summary numSequencePoints="10" visitedSequencePoints="0" numBranchPoints="0" visitedBranchPoints="0" sequenceCoverage="0" branchCoverage="100" maxCyclomaticComplexity="1" minCyclomaticComplexity="1" visitedClasses="0" numClasses="1" visitedMethods="0" numMethods="2" />
          <FullName>Prime.ApiDbContextExtensions</FullName>
          <Methods>
            <Method cyclomaticComplexity="1" nPathComplexity="0" sequenceCoverage="0" branchCoverage="100" isConstructor="False" isGetter="False" isSetter="False" isStatic="True">
              <Summary numSequencePoints="5" visitedSequencePoints="0" numBranchPoints="0" visitedBranchPoints="0" sequenceCoverage="0" branchCoverage="100" maxCyclomaticComplexity="1" minCyclomaticComplexity="1" visitedClasses="0" numClasses="0" visitedMethods="0" numMethods="1" />
              <MetadataToken />
              <Name>System.Linq.IQueryable Prime.ApiDbContextExtensions::Set(Microsoft.EntityFrameworkCore.DbContext,System.Type)</Name>
              <FileRef uid="1" />
              <SequencePoints>
                <SequencePoint vc="0" uspid="106" ordinal="0" sl="106" sc="1" el="106" ec="2" bec="0" bev="0" fileid="1" />
                <SequencePoint vc="0" uspid="108" ordinal="1" sl="108" sc="1" el="108" ec="2" bec="0" bev="0" fileid="1" />
                <SequencePoint vc="0" uspid="111" ordinal="2" sl="111" sc="1" el="111" ec="2" bec="0" bev="0" fileid="1" />
                <SequencePoint vc="0" uspid="113" ordinal="3" sl="113" sc="1" el="113" ec="2" bec="0" bev="0" fileid="1" />
                <SequencePoint vc="0" uspid="114" ordinal="4" sl="114" sc="1" el="114" ec="2" bec="0" bev="0" fileid="1" />
              </SequencePoints>
              <BranchPoints />
              <MethodPoint vc="0" uspid="0" p8:type="SequencePoint" ordinal="0" offset="0" sc="0" sl="106" ec="1" el="114" bec="0" bev="0" fileid="1" xmlns:p8="xsi" />
            </Method>
            <Method cyclomaticComplexity="1" nPathComplexity="0" sequenceCoverage="0" branchCoverage="100" isConstructor="False" isGetter="False" isSetter="False" isStatic="True">
              <Summary numSequencePoints="5" visitedSequencePoints="0" numBranchPoints="0" visitedBranchPoints="0" sequenceCoverage="0" branchCoverage="100" maxCyclomaticComplexity="1" minCyclomaticComplexity="1" visitedClasses="0" numClasses="0" visitedMethods="0" numMethods="1" />
              <MetadataToken />
              <Name>System.Linq.IQueryable`1&lt;T&gt; Prime.ApiDbContextExtensions::Set(Microsoft.EntityFrameworkCore.DbContext)</Name>
              <FileRef uid="1" />
              <SequencePoints>
                <SequencePoint vc="0" uspid="117" ordinal="0" sl="117" sc="1" el="117" ec="2" bec="0" bev="0" fileid="1" />
                <SequencePoint vc="0" uspid="119" ordinal="1" sl="119" sc="1" el="119" ec="2" bec="0" bev="0" fileid="1" />
                <SequencePoint vc="0" uspid="122" ordinal="2" sl="122" sc="1" el="122" ec="2" bec="0" bev="0" fileid="1" />
                <SequencePoint vc="0" uspid="124" ordinal="3" sl="124" sc="1" el="124" ec="2" bec="0" bev="0" fileid="1" />
                <SequencePoint vc="0" uspid="125" ordinal="4" sl="125" sc="1" el="125" ec="2" bec="0" bev="0" fileid="1" />
              </SequencePoints>
              <BranchPoints />
              <MethodPoint vc="0" uspid="0" p8:type="SequencePoint" ordinal="1" offset="1" sc="0" sl="117" ec="1" el="125" bec="0" bev="0" fileid="1" xmlns:p8="xsi" />
            </Method>
          </Methods>
        </Class>
        <Class>
          <Summary numSequencePoints="72" visitedSequencePoints="58" numBranchPoints="26" visitedBranchPoints="21" sequenceCoverage="80.55" branchCoverage="80.76" maxCyclomaticComplexity="16" minCyclomaticComplexity="10" visitedClasses="1" numClasses="1" visitedMethods="2" numMethods="2" />
          <FullName>Prime.AuthenticationSetup</FullName>
          <Methods>
            <Method cyclomaticComplexity="10" nPathComplexity="0" sequenceCoverage="87.75" branchCoverage="70" isConstructor="False" isGetter="False" isSetter="False" isStatic="True">
              <Summary numSequencePoints="49" visitedSequencePoints="43" numBranchPoints="10" visitedBranchPoints="7" sequenceCoverage="87.75" branchCoverage="70" maxCyclomaticComplexity="10" minCyclomaticComplexity="10" visitedClasses="0" numClasses="0" visitedMethods="1" numMethods="1" />
              <MetadataToken />
              <Name>System.Void Prime.AuthenticationSetup::Initialize(Microsoft.Extensions.DependencyInjection.IServiceCollection,Microsoft.Extensions.Configuration.IConfiguration,Microsoft.AspNetCore.Hosting.IHostingEnvironment)</Name>
              <FileRef uid="2" />
              <SequencePoints>
                <SequencePoint vc="7" uspid="20" ordinal="0" sl="20" sc="1" el="20" ec="2" bec="0" bev="0" fileid="2" />
                <SequencePoint vc="7" uspid="21" ordinal="1" sl="21" sc="1" el="21" ec="2" bec="0" bev="0" fileid="2" />
                <SequencePoint vc="0" uspid="22" ordinal="2" sl="22" sc="1" el="22" ec="2" bec="0" bev="0" fileid="2" />
                <SequencePoint vc="0" uspid="23" ordinal="3" sl="23" sc="1" el="23" ec="2" bec="0" bev="0" fileid="2" />
                <SequencePoint vc="7" uspid="26" ordinal="4" sl="26" sc="1" el="26" ec="2" bec="0" bev="0" fileid="2" />
                <SequencePoint vc="0" uspid="27" ordinal="5" sl="27" sc="1" el="27" ec="2" bec="0" bev="0" fileid="2" />
                <SequencePoint vc="0" uspid="28" ordinal="6" sl="28" sc="1" el="28" ec="2" bec="0" bev="0" fileid="2" />
                <SequencePoint vc="7" uspid="31" ordinal="7" sl="31" sc="1" el="31" ec="2" bec="0" bev="0" fileid="2" />
                <SequencePoint vc="0" uspid="32" ordinal="8" sl="32" sc="1" el="32" ec="2" bec="0" bev="0" fileid="2" />
                <SequencePoint vc="0" uspid="33" ordinal="9" sl="33" sc="1" el="33" ec="2" bec="0" bev="0" fileid="2" />
                <SequencePoint vc="7" uspid="36" ordinal="10" sl="36" sc="1" el="36" ec="2" bec="0" bev="0" fileid="2" />
                <SequencePoint vc="7" uspid="38" ordinal="11" sl="38" sc="1" el="38" ec="2" bec="0" bev="0" fileid="2" />
                <SequencePoint vc="14" uspid="39" ordinal="12" sl="39" sc="1" el="39" ec="2" bec="0" bev="0" fileid="2" />
                <SequencePoint vc="14" uspid="40" ordinal="13" sl="40" sc="1" el="40" ec="2" bec="0" bev="0" fileid="2" />
                <SequencePoint vc="14" uspid="41" ordinal="14" sl="41" sc="1" el="41" ec="2" bec="0" bev="0" fileid="2" />
                <SequencePoint vc="14" uspid="42" ordinal="15" sl="42" sc="1" el="42" ec="2" bec="0" bev="0" fileid="2" />
                <SequencePoint vc="7" uspid="43" ordinal="16" sl="43" sc="1" el="43" ec="2" bec="0" bev="0" fileid="2" />
                <SequencePoint vc="10" uspid="44" ordinal="17" sl="44" sc="1" el="44" ec="2" bec="0" bev="0" fileid="2" />
                <SequencePoint vc="10" uspid="45" ordinal="18" sl="45" sc="1" el="45" ec="2" bec="0" bev="0" fileid="2" />
                <SequencePoint vc="7" uspid="46" ordinal="19" sl="46" sc="1" el="46" ec="2" bec="0" bev="0" fileid="2" />
                <SequencePoint vc="7" uspid="47" ordinal="20" sl="47" sc="1" el="47" ec="2" bec="0" bev="0" fileid="2" />
                <SequencePoint vc="7" uspid="48" ordinal="21" sl="48" sc="1" el="48" ec="2" bec="0" bev="0" fileid="2" />
                <SequencePoint vc="7" uspid="49" ordinal="22" sl="49" sc="1" el="49" ec="2" bec="0" bev="0" fileid="2" />
                <SequencePoint vc="7" uspid="50" ordinal="23" sl="50" sc="1" el="50" ec="2" bec="0" bev="0" fileid="2" />
                <SequencePoint vc="10" uspid="51" ordinal="24" sl="51" sc="1" el="51" ec="2" bec="0" bev="0" fileid="2" />
                <SequencePoint vc="10" uspid="52" ordinal="25" sl="52" sc="1" el="52" ec="2" bec="0" bev="0" fileid="2" />
                <SequencePoint vc="10" uspid="53" ordinal="26" sl="53" sc="1" el="53" ec="2" bec="0" bev="0" fileid="2" />
                <SequencePoint vc="10" uspid="54" ordinal="27" sl="54" sc="1" el="54" ec="2" bec="0" bev="0" fileid="2" />
                <SequencePoint vc="10" uspid="55" ordinal="28" sl="55" sc="1" el="55" ec="2" bec="0" bev="0" fileid="2" />
                <SequencePoint vc="10" uspid="56" ordinal="29" sl="56" sc="1" el="56" ec="2" bec="0" bev="0" fileid="2" />
                <SequencePoint vc="10" uspid="57" ordinal="30" sl="57" sc="1" el="57" ec="2" bec="0" bev="0" fileid="2" />
                <SequencePoint vc="10" uspid="58" ordinal="31" sl="58" sc="1" el="58" ec="2" bec="0" bev="0" fileid="2" />
                <SequencePoint vc="10" uspid="59" ordinal="32" sl="59" sc="1" el="59" ec="2" bec="0" bev="0" fileid="2" />
                <SequencePoint vc="10" uspid="60" ordinal="33" sl="60" sc="1" el="60" ec="2" bec="0" bev="0" fileid="2" />
                <SequencePoint vc="10" uspid="61" ordinal="34" sl="61" sc="1" el="61" ec="2" bec="0" bev="0" fileid="2" />
                <SequencePoint vc="10" uspid="62" ordinal="35" sl="62" sc="1" el="62" ec="2" bec="0" bev="0" fileid="2" />
                <SequencePoint vc="10" uspid="63" ordinal="36" sl="63" sc="1" el="63" ec="2" bec="0" bev="0" fileid="2" />
                <SequencePoint vc="10" uspid="64" ordinal="37" sl="64" sc="1" el="64" ec="2" bec="0" bev="0" fileid="2" />
                <SequencePoint vc="10" uspid="65" ordinal="38" sl="65" sc="1" el="65" ec="2" bec="0" bev="0" fileid="2" />
                <SequencePoint vc="10" uspid="66" ordinal="39" sl="66" sc="1" el="66" ec="2" bec="0" bev="0" fileid="2" />
                <SequencePoint vc="11" uspid="67" ordinal="40" sl="67" sc="1" el="67" ec="2" bec="0" bev="0" fileid="2" />
                <SequencePoint vc="10" uspid="68" ordinal="41" sl="68" sc="1" el="68" ec="2" bec="0" bev="0" fileid="2" />
                <SequencePoint vc="10" uspid="69" ordinal="42" sl="69" sc="1" el="69" ec="2" bec="0" bev="0" fileid="2" />
                <SequencePoint vc="7" uspid="71" ordinal="43" sl="71" sc="1" el="71" ec="2" bec="0" bev="0" fileid="2" />
                <SequencePoint vc="7" uspid="72" ordinal="44" sl="72" sc="1" el="72" ec="2" bec="0" bev="0" fileid="2" />
                <SequencePoint vc="14" uspid="73" ordinal="45" sl="73" sc="1" el="73" ec="2" bec="0" bev="0" fileid="2" />
                <SequencePoint vc="21" uspid="74" ordinal="46" sl="74" sc="1" el="74" ec="2" bec="0" bev="0" fileid="2" />
                <SequencePoint vc="14" uspid="75" ordinal="47" sl="75" sc="1" el="75" ec="2" bec="0" bev="0" fileid="2" />
                <SequencePoint vc="7" uspid="76" ordinal="48" sl="76" sc="1" el="76" ec="2" bec="0" bev="0" fileid="2" />
              </SequencePoints>
              <BranchPoints>
                <BranchPoint vc="0" uspid="21" ordinal="0" path="0" offset="27" offsetend="29" sl="21" fileid="2" />
                <BranchPoint vc="7" uspid="21" ordinal="1" path="1" offset="27" offsetend="41" sl="21" fileid="2" />
                <BranchPoint vc="0" uspid="26" ordinal="2" path="0" offset="52" offsetend="54" sl="26" fileid="2" />
                <BranchPoint vc="7" uspid="26" ordinal="3" path="1" offset="52" offsetend="66" sl="26" fileid="2" />
                <BranchPoint vc="0" uspid="31" ordinal="4" path="0" offset="77" offsetend="79" sl="31" fileid="2" />
                <BranchPoint vc="7" uspid="31" ordinal="5" path="1" offset="77" offsetend="91" sl="31" fileid="2" />
                <BranchPoint vc="1" uspid="38" ordinal="6" path="0" offset="109" offsetend="111" sl="38" fileid="2" />
                <BranchPoint vc="7" uspid="38" ordinal="7" path="1" offset="109" offsetend="134" sl="38" fileid="2" />
                <BranchPoint vc="1" uspid="71" ordinal="8" path="0" offset="164" offsetend="166" sl="71" fileid="2" />
                <BranchPoint vc="7" uspid="71" ordinal="9" path="1" offset="164" offsetend="189" sl="71" fileid="2" />
              </BranchPoints>
              <MethodPoint vc="43" uspid="0" p8:type="SequencePoint" ordinal="0" offset="0" sc="0" sl="20" ec="1" el="76" bec="0" bev="0" fileid="2" xmlns:p8="xsi" />
            </Method>
            <Method cyclomaticComplexity="16" nPathComplexity="0" sequenceCoverage="65.21" branchCoverage="87.5" isConstructor="False" isGetter="False" isSetter="False" isStatic="True">
              <Summary numSequencePoints="23" visitedSequencePoints="15" numBranchPoints="16" visitedBranchPoints="14" sequenceCoverage="65.21" branchCoverage="87.5" maxCyclomaticComplexity="16" minCyclomaticComplexity="16" visitedClasses="0" numClasses="0" visitedMethods="1" numMethods="1" />
              <MetadataToken />
              <Name>System.Threading.Tasks.Task Prime.AuthenticationSetup::OnTokenValidated(Microsoft.AspNetCore.Authentication.JwtBearer.TokenValidatedContext)</Name>
              <FileRef uid="2" />
              <SequencePoints>
                <SequencePoint vc="1" uspid="79" ordinal="0" sl="79" sc="1" el="79" ec="2" bec="0" bev="0" fileid="2" />
                <SequencePoint vc="1" uspid="80" ordinal="1" sl="80" sc="1" el="80" ec="2" bec="0" bev="0" fileid="2" />
                <SequencePoint vc="1" uspid="81" ordinal="2" sl="81" sc="1" el="81" ec="2" bec="0" bev="0" fileid="2" />
                <SequencePoint vc="1" uspid="82" ordinal="3" sl="82" sc="1" el="82" ec="2" bec="0" bev="0" fileid="2" />
                <SequencePoint vc="1" uspid="83" ordinal="4" sl="83" sc="1" el="83" ec="2" bec="0" bev="0" fileid="2" />
                <SequencePoint vc="1" uspid="85" ordinal="5" sl="85" sc="1" el="85" ec="2" bec="0" bev="0" fileid="2" />
                <SequencePoint vc="1" uspid="86" ordinal="6" sl="86" sc="1" el="86" ec="2" bec="0" bev="0" fileid="2" />
                <SequencePoint vc="9" uspid="92" ordinal="7" sl="92" sc="1" el="92" ec="2" bec="0" bev="0" fileid="2" />
                <SequencePoint vc="3" uspid="93" ordinal="8" sl="93" sc="1" el="93" ec="2" bec="0" bev="0" fileid="2" />
                <SequencePoint vc="0" uspid="94" ordinal="9" sl="94" sc="1" el="94" ec="2" bec="0" bev="0" fileid="2" />
                <SequencePoint vc="0" uspid="95" ordinal="10" sl="95" sc="1" el="95" ec="2" bec="0" bev="0" fileid="2" />
                <SequencePoint vc="0" uspid="96" ordinal="11" sl="96" sc="1" el="96" ec="2" bec="0" bev="0" fileid="2" />
                <SequencePoint vc="0" uspid="97" ordinal="12" sl="97" sc="1" el="97" ec="2" bec="0" bev="0" fileid="2" />
                <SequencePoint vc="9" uspid="98" ordinal="13" sl="98" sc="1" el="98" ec="2" bec="0" bev="0" fileid="2" />
                <SequencePoint vc="3" uspid="99" ordinal="14" sl="99" sc="1" el="99" ec="2" bec="0" bev="0" fileid="2" />
                <SequencePoint vc="0" uspid="100" ordinal="15" sl="100" sc="1" el="100" ec="2" bec="0" bev="0" fileid="2" />
                <SequencePoint vc="0" uspid="101" ordinal="16" sl="101" sc="1" el="101" ec="2" bec="0" bev="0" fileid="2" />
                <SequencePoint vc="0" uspid="102" ordinal="17" sl="102" sc="1" el="102" ec="2" bec="0" bev="0" fileid="2" />
                <SequencePoint vc="0" uspid="103" ordinal="18" sl="103" sc="1" el="103" ec="2" bec="0" bev="0" fileid="2" />
                <SequencePoint vc="1" uspid="104" ordinal="19" sl="104" sc="1" el="104" ec="2" bec="0" bev="0" fileid="2" />
                <SequencePoint vc="1" uspid="105" ordinal="20" sl="105" sc="1" el="105" ec="2" bec="0" bev="0" fileid="2" />
                <SequencePoint vc="1" uspid="107" ordinal="21" sl="107" sc="1" el="107" ec="2" bec="0" bev="0" fileid="2" />
                <SequencePoint vc="1" uspid="108" ordinal="22" sl="108" sc="1" el="108" ec="2" bec="0" bev="0" fileid="2" />
              </SequencePoints>
              <BranchPoints>
                <BranchPoint vc="1" uspid="80" ordinal="0" path="0" offset="19" offsetend="24" sl="80" fileid="2" />
                <BranchPoint vc="1" uspid="82" ordinal="2" path="0" offset="48" offsetend="53" sl="82" fileid="2" />
                <BranchPoint vc="1" uspid="92" ordinal="4" path="0" offset="112" offsetend="114" sl="92" fileid="2" />
                <BranchPoint vc="1" uspid="92" ordinal="5" path="1" offset="112" offsetend="137" sl="92" fileid="2" />
                <BranchPoint vc="1" uspid="92" ordinal="6" path="0" offset="148" offsetend="150" sl="92" fileid="2" />
                <BranchPoint vc="1" uspid="92" ordinal="7" path="1" offset="148" offsetend="173" sl="92" fileid="2" />
                <BranchPoint vc="0" uspid="93" ordinal="9" path="1" offset="253" offsetend="197" sl="93" fileid="2" />
                <BranchPoint vc="1" uspid="93" ordinal="8" path="0" offset="253" offsetend="255" sl="93" fileid="2" />
                <BranchPoint vc="1" uspid="98" ordinal="10" path="0" offset="284" offsetend="286" sl="98" fileid="2" />
                <BranchPoint vc="1" uspid="98" ordinal="11" path="1" offset="284" offsetend="309" sl="98" fileid="2" />
                <BranchPoint vc="1" uspid="98" ordinal="12" path="0" offset="320" offsetend="322" sl="98" fileid="2" />
                <BranchPoint vc="1" uspid="98" ordinal="13" path="1" offset="320" offsetend="345" sl="98" fileid="2" />
                <BranchPoint vc="0" uspid="99" ordinal="15" path="1" offset="425" offsetend="369" sl="99" fileid="2" />
                <BranchPoint vc="1" uspid="99" ordinal="14" path="0" offset="425" offsetend="427" sl="99" fileid="2" />
                <BranchPoint vc="1" uspid="82" ordinal="3" path="1" offset="48" offsetend="445" sl="82" fileid="2" />
                <BranchPoint vc="1" uspid="80" ordinal="1" path="1" offset="19" offsetend="446" sl="80" fileid="2" />
              </BranchPoints>
              <MethodPoint vc="15" uspid="0" p8:type="SequencePoint" ordinal="1" offset="1" sc="0" sl="79" ec="1" el="108" bec="0" bev="0" fileid="2" xmlns:p8="xsi" />
            </Method>
          </Methods>
        </Class>
        <Class>
          <Summary numSequencePoints="0" visitedSequencePoints="0" numBranchPoints="8" visitedBranchPoints="5" sequenceCoverage="100" branchCoverage="62.5" maxCyclomaticComplexity="6" minCyclomaticComplexity="2" visitedClasses="0" numClasses="1" visitedMethods="0" numMethods="0" />
          <FullName>Prime.AuthenticationSetup/&lt;&gt;c__DisplayClass0_0</FullName>
          <Methods />
        </Class>
        <Class>
          <Summary numSequencePoints="0" visitedSequencePoints="0" numBranchPoints="2" visitedBranchPoints="2" sequenceCoverage="100" branchCoverage="100" maxCyclomaticComplexity="2" minCyclomaticComplexity="2" visitedClasses="0" numClasses="1" visitedMethods="0" numMethods="0" />
          <FullName>Prime.AuthenticationSetup/&lt;&gt;c</FullName>
          <Methods />
        </Class>
        <Class>
          <Summary numSequencePoints="0" visitedSequencePoints="0" numBranchPoints="2" visitedBranchPoints="2" sequenceCoverage="100" branchCoverage="100" maxCyclomaticComplexity="2" minCyclomaticComplexity="2" visitedClasses="0" numClasses="1" visitedMethods="0" numMethods="0" />
          <FullName>Prime.AuthenticationSetup/&lt;&gt;c/&lt;&lt;Initialize&gt;b__0_4&gt;d</FullName>
          <Methods />
        </Class>
        <Class>
          <Summary numSequencePoints="3" visitedSequencePoints="0" numBranchPoints="4" visitedBranchPoints="0" sequenceCoverage="0" branchCoverage="0" maxCyclomaticComplexity="4" minCyclomaticComplexity="4" visitedClasses="0" numClasses="1" visitedMethods="0" numMethods="1" />
          <FullName>Prime.PrimeUtils</FullName>
          <Methods>
            <Method cyclomaticComplexity="4" nPathComplexity="0" sequenceCoverage="0" branchCoverage="0" isConstructor="False" isGetter="False" isSetter="False" isStatic="True">
              <Summary numSequencePoints="3" visitedSequencePoints="0" numBranchPoints="4" visitedBranchPoints="0" sequenceCoverage="0" branchCoverage="0" maxCyclomaticComplexity="4" minCyclomaticComplexity="4" visitedClasses="0" numClasses="0" visitedMethods="0" numMethods="1" />
              <MetadataToken />
              <Name>System.String Prime.PrimeUtils::PrimeUserId(System.Security.Claims.ClaimsPrincipal)</Name>
              <FileRef uid="3" />
              <SequencePoints>
                <SequencePoint vc="0" uspid="12" ordinal="0" sl="12" sc="1" el="12" ec="2" bec="0" bev="0" fileid="3" />
                <SequencePoint vc="0" uspid="13" ordinal="1" sl="13" sc="1" el="13" ec="2" bec="0" bev="0" fileid="3" />
                <SequencePoint vc="0" uspid="14" ordinal="2" sl="14" sc="1" el="14" ec="2" bec="0" bev="0" fileid="3" />
              </SequencePoints>
              <BranchPoints>
                <BranchPoint vc="0" uspid="13" ordinal="0" path="0" offset="13" offsetend="15" sl="13" fileid="3" />
                <BranchPoint vc="0" uspid="13" ordinal="1" path="1" offset="13" offsetend="38" sl="13" fileid="3" />
                <BranchPoint vc="0" uspid="13" ordinal="2" path="0" offset="44" offsetend="46" sl="13" fileid="3" />
                <BranchPoint vc="0" uspid="13" ordinal="3" path="1" offset="44" offsetend="50" sl="13" fileid="3" />
              </BranchPoints>
              <MethodPoint vc="0" uspid="0" p8:type="SequencePoint" ordinal="0" offset="0" sc="0" sl="12" ec="1" el="14" bec="0" bev="0" fileid="3" xmlns:p8="xsi" />
            </Method>
          </Methods>
        </Class>
        <Class>
          <Summary numSequencePoints="5" visitedSequencePoints="0" numBranchPoints="0" visitedBranchPoints="0" sequenceCoverage="0" branchCoverage="100" maxCyclomaticComplexity="1" minCyclomaticComplexity="1" visitedClasses="0" numClasses="1" visitedMethods="0" numMethods="2" />
          <FullName>Prime.Program</FullName>
          <Methods>
            <Method cyclomaticComplexity="1" nPathComplexity="0" sequenceCoverage="0" branchCoverage="100" isConstructor="False" isGetter="False" isSetter="False" isStatic="True">
              <Summary numSequencePoints="3" visitedSequencePoints="0" numBranchPoints="0" visitedBranchPoints="0" sequenceCoverage="0" branchCoverage="100" maxCyclomaticComplexity="1" minCyclomaticComplexity="1" visitedClasses="0" numClasses="0" visitedMethods="0" numMethods="1" />
              <MetadataToken />
              <Name>System.Void Prime.Program::Main(System.String[])</Name>
              <FileRef uid="4" />
              <SequencePoints>
                <SequencePoint vc="0" uspid="9" ordinal="0" sl="9" sc="1" el="9" ec="2" bec="0" bev="0" fileid="4" />
                <SequencePoint vc="0" uspid="10" ordinal="1" sl="10" sc="1" el="10" ec="2" bec="0" bev="0" fileid="4" />
                <SequencePoint vc="0" uspid="11" ordinal="2" sl="11" sc="1" el="11" ec="2" bec="0" bev="0" fileid="4" />
              </SequencePoints>
              <BranchPoints />
              <MethodPoint vc="0" uspid="0" p8:type="SequencePoint" ordinal="0" offset="0" sc="0" sl="9" ec="1" el="11" bec="0" bev="0" fileid="4" xmlns:p8="xsi" />
            </Method>
            <Method cyclomaticComplexity="1" nPathComplexity="0" sequenceCoverage="0" branchCoverage="100" isConstructor="False" isGetter="False" isSetter="False" isStatic="True">
              <Summary numSequencePoints="2" visitedSequencePoints="0" numBranchPoints="0" visitedBranchPoints="0" sequenceCoverage="0" branchCoverage="100" maxCyclomaticComplexity="1" minCyclomaticComplexity="1" visitedClasses="0" numClasses="0" visitedMethods="0" numMethods="1" />
              <MetadataToken />
              <Name>Microsoft.AspNetCore.Hosting.IWebHostBuilder Prime.Program::CreateWebHostBuilder(System.String[])</Name>
              <FileRef uid="4" />
              <SequencePoints>
                <SequencePoint vc="0" uspid="14" ordinal="0" sl="14" sc="1" el="14" ec="2" bec="0" bev="0" fileid="4" />
                <SequencePoint vc="0" uspid="15" ordinal="1" sl="15" sc="1" el="15" ec="2" bec="0" bev="0" fileid="4" />
              </SequencePoints>
              <BranchPoints />
              <MethodPoint vc="0" uspid="0" p8:type="SequencePoint" ordinal="1" offset="1" sc="0" sl="14" ec="1" el="15" bec="0" bev="0" fileid="4" xmlns:p8="xsi" />
            </Method>
          </Methods>
        </Class>
        <Class>
          <Summary numSequencePoints="71" visitedSequencePoints="47" numBranchPoints="10" visitedBranchPoints="7" sequenceCoverage="66.19" branchCoverage="70" maxCyclomaticComplexity="4" minCyclomaticComplexity="1" visitedClasses="1" numClasses="1" visitedMethods="5" numMethods="7" />
          <FullName>Prime.Startup</FullName>
          <Methods>
            <Method cyclomaticComplexity="1" nPathComplexity="0" sequenceCoverage="100" branchCoverage="100" isConstructor="False" isGetter="True" isSetter="False" isStatic="True">
              <Summary numSequencePoints="1" visitedSequencePoints="1" numBranchPoints="0" visitedBranchPoints="0" sequenceCoverage="100" branchCoverage="100" maxCyclomaticComplexity="1" minCyclomaticComplexity="1" visitedClasses="0" numClasses="0" visitedMethods="1" numMethods="1" />
              <MetadataToken />
              <Name>Microsoft.Extensions.Configuration.IConfiguration Prime.Startup::get_Configuration()</Name>
              <FileRef uid="5" />
              <SequencePoints>
                <SequencePoint vc="7" uspid="24" ordinal="0" sl="24" sc="1" el="24" ec="2" bec="0" bev="0" fileid="5" />
              </SequencePoints>
              <BranchPoints />
              <MethodPoint vc="1" uspid="0" p8:type="SequencePoint" ordinal="0" offset="0" sc="0" sl="24" ec="1" el="24" bec="0" bev="0" fileid="5" xmlns:p8="xsi" />
            </Method>
            <Method cyclomaticComplexity="1" nPathComplexity="0" sequenceCoverage="100" branchCoverage="100" isConstructor="False" isGetter="True" isSetter="False" isStatic="True">
              <Summary numSequencePoints="1" visitedSequencePoints="1" numBranchPoints="0" visitedBranchPoints="0" sequenceCoverage="100" branchCoverage="100" maxCyclomaticComplexity="1" minCyclomaticComplexity="1" visitedClasses="0" numClasses="0" visitedMethods="1" numMethods="1" />
              <MetadataToken />
              <Name>Microsoft.AspNetCore.Hosting.IHostingEnvironment Prime.Startup::get_Environment()</Name>
              <FileRef uid="5" />
              <SequencePoints>
                <SequencePoint vc="7" uspid="25" ordinal="0" sl="25" sc="1" el="25" ec="2" bec="0" bev="0" fileid="5" />
              </SequencePoints>
              <BranchPoints />
              <MethodPoint vc="1" uspid="0" p8:type="SequencePoint" ordinal="1" offset="1" sc="0" sl="25" ec="1" el="25" bec="0" bev="0" fileid="5" xmlns:p8="xsi" />
            </Method>
            <Method cyclomaticComplexity="4" nPathComplexity="0" sequenceCoverage="100" branchCoverage="100" isConstructor="False" isGetter="False" isSetter="False" isStatic="True">
              <Summary numSequencePoints="28" visitedSequencePoints="28" numBranchPoints="4" visitedBranchPoints="4" sequenceCoverage="100" branchCoverage="100" maxCyclomaticComplexity="4" minCyclomaticComplexity="4" visitedClasses="0" numClasses="0" visitedMethods="1" numMethods="1" />
              <MetadataToken />
              <Name>System.Void Prime.Startup::ConfigureServices(Microsoft.Extensions.DependencyInjection.IServiceCollection)</Name>
              <FileRef uid="5" />
              <SequencePoints>
                <SequencePoint vc="7" uspid="29" ordinal="0" sl="29" sc="1" el="29" ec="2" bec="0" bev="0" fileid="5" />
                <SequencePoint vc="7" uspid="30" ordinal="1" sl="30" sc="1" el="30" ec="2" bec="0" bev="0" fileid="5" />
                <SequencePoint vc="7" uspid="31" ordinal="2" sl="31" sc="1" el="31" ec="2" bec="0" bev="0" fileid="5" />
                <SequencePoint vc="7" uspid="33" ordinal="3" sl="33" sc="1" el="33" ec="2" bec="0" bev="0" fileid="5" />
                <SequencePoint vc="7" uspid="34" ordinal="4" sl="34" sc="1" el="34" ec="2" bec="0" bev="0" fileid="5" />
                <SequencePoint vc="14" uspid="35" ordinal="5" sl="35" sc="1" el="35" ec="2" bec="0" bev="0" fileid="5" />
                <SequencePoint vc="14" uspid="36" ordinal="6" sl="36" sc="1" el="36" ec="2" bec="0" bev="0" fileid="5" />
                <SequencePoint vc="14" uspid="37" ordinal="7" sl="37" sc="1" el="37" ec="2" bec="0" bev="0" fileid="5" />
                <SequencePoint vc="21" uspid="38" ordinal="8" sl="38" sc="1" el="38" ec="2" bec="0" bev="0" fileid="5" />
                <SequencePoint vc="21" uspid="39" ordinal="9" sl="39" sc="1" el="39" ec="2" bec="0" bev="0" fileid="5" />
                <SequencePoint vc="21" uspid="40" ordinal="10" sl="40" sc="1" el="40" ec="2" bec="0" bev="0" fileid="5" />
                <SequencePoint vc="21" uspid="41" ordinal="11" sl="41" sc="1" el="41" ec="2" bec="0" bev="0" fileid="5" />
                <SequencePoint vc="21" uspid="42" ordinal="12" sl="42" sc="1" el="42" ec="2" bec="0" bev="0" fileid="5" />
                <SequencePoint vc="21" uspid="43" ordinal="13" sl="43" sc="1" el="43" ec="2" bec="0" bev="0" fileid="5" />
                <SequencePoint vc="21" uspid="44" ordinal="14" sl="44" sc="1" el="44" ec="2" bec="0" bev="0" fileid="5" />
                <SequencePoint vc="14" uspid="45" ordinal="15" sl="45" sc="1" el="45" ec="2" bec="0" bev="0" fileid="5" />
                <SequencePoint vc="7" uspid="48" ordinal="16" sl="48" sc="1" el="48" ec="2" bec="0" bev="0" fileid="5" />
                <SequencePoint vc="10" uspid="49" ordinal="17" sl="49" sc="1" el="49" ec="2" bec="0" bev="0" fileid="5" />
                <SequencePoint vc="10" uspid="50" ordinal="18" sl="50" sc="1" el="50" ec="2" bec="0" bev="0" fileid="5" />
                <SequencePoint vc="7" uspid="51" ordinal="19" sl="51" sc="1" el="51" ec="2" bec="0" bev="0" fileid="5" />
                <SequencePoint vc="7" uspid="52" ordinal="20" sl="52" sc="1" el="52" ec="2" bec="0" bev="0" fileid="5" />
                <SequencePoint vc="10" uspid="53" ordinal="21" sl="53" sc="1" el="53" ec="2" bec="0" bev="0" fileid="5" />
                <SequencePoint vc="10" uspid="54" ordinal="22" sl="54" sc="1" el="54" ec="2" bec="0" bev="0" fileid="5" />
                <SequencePoint vc="10" uspid="55" ordinal="23" sl="55" sc="1" el="55" ec="2" bec="0" bev="0" fileid="5" />
                <SequencePoint vc="10" uspid="56" ordinal="24" sl="56" sc="1" el="56" ec="2" bec="0" bev="0" fileid="5" />
                <SequencePoint vc="7" uspid="58" ordinal="25" sl="58" sc="1" el="58" ec="2" bec="0" bev="0" fileid="5" />
                <SequencePoint vc="7" uspid="60" ordinal="26" sl="60" sc="1" el="60" ec="2" bec="0" bev="0" fileid="5" />
                <SequencePoint vc="7" uspid="61" ordinal="27" sl="61" sc="1" el="61" ec="2" bec="0" bev="0" fileid="5" />
              </SequencePoints>
              <BranchPoints>
                <BranchPoint vc="1" uspid="34" ordinal="0" path="0" offset="35" offsetend="37" sl="34" fileid="5" />
                <BranchPoint vc="7" uspid="34" ordinal="1" path="1" offset="35" offsetend="60" sl="34" fileid="5" />
                <BranchPoint vc="1" uspid="48" ordinal="2" path="0" offset="73" offsetend="75" sl="48" fileid="5" />
                <BranchPoint vc="7" uspid="48" ordinal="3" path="1" offset="73" offsetend="98" sl="48" fileid="5" />
              </BranchPoints>
              <MethodPoint vc="28" uspid="0" p8:type="SequencePoint" ordinal="2" offset="2" sc="0" sl="29" ec="1" el="61" bec="0" bev="0" fileid="5" xmlns:p8="xsi" />
            </Method>
            <Method cyclomaticComplexity="4" nPathComplexity="0" sequenceCoverage="80" branchCoverage="75" isConstructor="False" isGetter="False" isSetter="False" isStatic="True">
              <Summary numSequencePoints="15" visitedSequencePoints="12" numBranchPoints="4" visitedBranchPoints="3" sequenceCoverage="80" branchCoverage="75" maxCyclomaticComplexity="4" minCyclomaticComplexity="4" visitedClasses="0" numClasses="0" visitedMethods="1" numMethods="1" />
              <MetadataToken />
              <Name>System.Void Prime.Startup::Configure(Microsoft.AspNetCore.Builder.IApplicationBuilder,Microsoft.AspNetCore.Hosting.IHostingEnvironment)</Name>
              <FileRef uid="5" />
              <SequencePoints>
                <SequencePoint vc="7" uspid="65" ordinal="0" sl="65" sc="1" el="65" ec="2" bec="0" bev="0" fileid="5" />
                <SequencePoint vc="7" uspid="66" ordinal="1" sl="66" sc="1" el="66" ec="2" bec="0" bev="0" fileid="5" />
                <SequencePoint vc="0" uspid="67" ordinal="2" sl="67" sc="1" el="67" ec="2" bec="0" bev="0" fileid="5" />
                <SequencePoint vc="0" uspid="68" ordinal="3" sl="68" sc="1" el="68" ec="2" bec="0" bev="0" fileid="5" />
                <SequencePoint vc="0" uspid="69" ordinal="4" sl="69" sc="1" el="69" ec="2" bec="0" bev="0" fileid="5" />
                <SequencePoint vc="7" uspid="72" ordinal="5" sl="72" sc="1" el="72" ec="2" bec="0" bev="0" fileid="5" />
                <SequencePoint vc="7" uspid="78" ordinal="6" sl="78" sc="1" el="78" ec="2" bec="0" bev="0" fileid="5" />
                <SequencePoint vc="7" uspid="82" ordinal="7" sl="82" sc="1" el="82" ec="2" bec="0" bev="0" fileid="5" />
                <SequencePoint vc="14" uspid="83" ordinal="8" sl="83" sc="1" el="83" ec="2" bec="0" bev="0" fileid="5" />
                <SequencePoint vc="14" uspid="84" ordinal="9" sl="84" sc="1" el="84" ec="2" bec="0" bev="0" fileid="5" />
                <SequencePoint vc="14" uspid="85" ordinal="10" sl="85" sc="1" el="85" ec="2" bec="0" bev="0" fileid="5" />
                <SequencePoint vc="7" uspid="87" ordinal="11" sl="87" sc="1" el="87" ec="2" bec="0" bev="0" fileid="5" />
                <SequencePoint vc="7" uspid="89" ordinal="12" sl="89" sc="1" el="89" ec="2" bec="0" bev="0" fileid="5" />
                <SequencePoint vc="7" uspid="91" ordinal="13" sl="91" sc="1" el="91" ec="2" bec="0" bev="0" fileid="5" />
                <SequencePoint vc="7" uspid="92" ordinal="14" sl="92" sc="1" el="92" ec="2" bec="0" bev="0" fileid="5" />
              </SequencePoints>
              <BranchPoints>
                <BranchPoint vc="0" uspid="66" ordinal="0" path="0" offset="9" offsetend="11" sl="66" fileid="5" />
                <BranchPoint vc="7" uspid="66" ordinal="1" path="1" offset="9" offsetend="20" sl="66" fileid="5" />
                <BranchPoint vc="1" uspid="82" ordinal="2" path="0" offset="43" offsetend="45" sl="82" fileid="5" />
                <BranchPoint vc="7" uspid="82" ordinal="3" path="1" offset="43" offsetend="68" sl="82" fileid="5" />
              </BranchPoints>
              <MethodPoint vc="12" uspid="0" p8:type="SequencePoint" ordinal="3" offset="3" sc="0" sl="65" ec="1" el="92" bec="0" bev="0" fileid="5" xmlns:p8="xsi" />
            </Method>
            <Method cyclomaticComplexity="2" nPathComplexity="0" sequenceCoverage="0" branchCoverage="0" isConstructor="False" isGetter="False" isSetter="False" isStatic="True">
              <Summary numSequencePoints="10" visitedSequencePoints="0" numBranchPoints="2" visitedBranchPoints="0" sequenceCoverage="0" branchCoverage="0" maxCyclomaticComplexity="2" minCyclomaticComplexity="2" visitedClasses="0" numClasses="0" visitedMethods="0" numMethods="1" />
              <MetadataToken />
              <Name>System.Void Prime.Startup::ConfigureDatabase(Microsoft.Extensions.DependencyInjection.IServiceCollection)</Name>
              <FileRef uid="5" />
              <SequencePoints>
                <SequencePoint vc="0" uspid="95" ordinal="0" sl="95" sc="1" el="95" ec="2" bec="0" bev="0" fileid="5" />
                <SequencePoint vc="0" uspid="97" ordinal="1" sl="97" sc="1" el="97" ec="2" bec="0" bev="0" fileid="5" />
                <SequencePoint vc="0" uspid="98" ordinal="2" sl="98" sc="1" el="98" ec="2" bec="0" bev="0" fileid="5" />
                <SequencePoint vc="0" uspid="99" ordinal="3" sl="99" sc="1" el="99" ec="2" bec="0" bev="0" fileid="5" />
                <SequencePoint vc="0" uspid="100" ordinal="4" sl="100" sc="1" el="100" ec="2" bec="0" bev="0" fileid="5" />
                <SequencePoint vc="0" uspid="101" ordinal="5" sl="101" sc="1" el="101" ec="2" bec="0" bev="0" fileid="5" />
                <SequencePoint vc="0" uspid="102" ordinal="6" sl="102" sc="1" el="102" ec="2" bec="0" bev="0" fileid="5" />
                <SequencePoint vc="0" uspid="103" ordinal="7" sl="103" sc="1" el="103" ec="2" bec="0" bev="0" fileid="5" />
                <SequencePoint vc="0" uspid="104" ordinal="8" sl="104" sc="1" el="104" ec="2" bec="0" bev="0" fileid="5" />
                <SequencePoint vc="0" uspid="105" ordinal="9" sl="105" sc="1" el="105" ec="2" bec="0" bev="0" fileid="5" />
              </SequencePoints>
              <BranchPoints>
                <BranchPoint vc="0" uspid="98" ordinal="0" path="0" offset="34" offsetend="36" sl="98" fileid="5" />
                <BranchPoint vc="0" uspid="98" ordinal="1" path="1" offset="34" offsetend="60" sl="98" fileid="5" />
              </BranchPoints>
              <MethodPoint vc="0" uspid="0" p8:type="SequencePoint" ordinal="4" offset="4" sc="0" sl="95" ec="1" el="105" bec="0" bev="0" fileid="5" xmlns:p8="xsi" />
            </Method>
            <Method cyclomaticComplexity="1" nPathComplexity="0" sequenceCoverage="0" branchCoverage="100" isConstructor="False" isGetter="False" isSetter="False" isStatic="True">
              <Summary numSequencePoints="11" visitedSequencePoints="0" numBranchPoints="0" visitedBranchPoints="0" sequenceCoverage="0" branchCoverage="100" maxCyclomaticComplexity="1" minCyclomaticComplexity="1" visitedClasses="0" numClasses="0" visitedMethods="0" numMethods="1" />
              <MetadataToken />
              <Name>System.Void Prime.Startup::UpdateDatabase(Microsoft.AspNetCore.Builder.IApplicationBuilder)</Name>
              <FileRef uid="5" />
              <SequencePoints>
                <SequencePoint vc="0" uspid="108" ordinal="0" sl="108" sc="1" el="108" ec="2" bec="0" bev="0" fileid="5" />
                <SequencePoint vc="0" uspid="109" ordinal="1" sl="109" sc="1" el="109" ec="2" bec="0" bev="0" fileid="5" />
                <SequencePoint vc="0" uspid="110" ordinal="2" sl="110" sc="1" el="110" ec="2" bec="0" bev="0" fileid="5" />
                <SequencePoint vc="0" uspid="111" ordinal="3" sl="111" sc="1" el="111" ec="2" bec="0" bev="0" fileid="5" />
                <SequencePoint vc="0" uspid="112" ordinal="4" sl="112" sc="1" el="112" ec="2" bec="0" bev="0" fileid="5" />
                <SequencePoint vc="0" uspid="113" ordinal="5" sl="113" sc="1" el="113" ec="2" bec="0" bev="0" fileid="5" />
                <SequencePoint vc="0" uspid="114" ordinal="6" sl="114" sc="1" el="114" ec="2" bec="0" bev="0" fileid="5" />
                <SequencePoint vc="0" uspid="115" ordinal="7" sl="115" sc="1" el="115" ec="2" bec="0" bev="0" fileid="5" />
                <SequencePoint vc="0" uspid="116" ordinal="8" sl="116" sc="1" el="116" ec="2" bec="0" bev="0" fileid="5" />
                <SequencePoint vc="0" uspid="117" ordinal="9" sl="117" sc="1" el="117" ec="2" bec="0" bev="0" fileid="5" />
                <SequencePoint vc="0" uspid="118" ordinal="10" sl="118" sc="1" el="118" ec="2" bec="0" bev="0" fileid="5" />
              </SequencePoints>
              <BranchPoints />
              <MethodPoint vc="0" uspid="0" p8:type="SequencePoint" ordinal="5" offset="5" sc="0" sl="108" ec="1" el="118" bec="0" bev="0" fileid="5" xmlns:p8="xsi" />
            </Method>
            <Method cyclomaticComplexity="1" nPathComplexity="0" sequenceCoverage="100" branchCoverage="100" isConstructor="True" isGetter="False" isSetter="False" isStatic="True">
              <Summary numSequencePoints="5" visitedSequencePoints="5" numBranchPoints="0" visitedBranchPoints="0" sequenceCoverage="100" branchCoverage="100" maxCyclomaticComplexity="1" minCyclomaticComplexity="1" visitedClasses="0" numClasses="0" visitedMethods="1" numMethods="1" />
              <MetadataToken />
              <Name>System.Void Prime.Startup::.ctor(Microsoft.AspNetCore.Hosting.IHostingEnvironment,Microsoft.Extensions.Configuration.IConfiguration)</Name>
              <FileRef uid="5" />
              <SequencePoints>
                <SequencePoint vc="7" uspid="18" ordinal="0" sl="18" sc="1" el="18" ec="2" bec="0" bev="0" fileid="5" />
                <SequencePoint vc="7" uspid="19" ordinal="1" sl="19" sc="1" el="19" ec="2" bec="0" bev="0" fileid="5" />
                <SequencePoint vc="7" uspid="20" ordinal="2" sl="20" sc="1" el="20" ec="2" bec="0" bev="0" fileid="5" />
                <SequencePoint vc="7" uspid="21" ordinal="3" sl="21" sc="1" el="21" ec="2" bec="0" bev="0" fileid="5" />
                <SequencePoint vc="7" uspid="22" ordinal="4" sl="22" sc="1" el="22" ec="2" bec="0" bev="0" fileid="5" />
              </SequencePoints>
              <BranchPoints />
              <MethodPoint vc="5" uspid="0" p8:type="SequencePoint" ordinal="6" offset="6" sc="0" sl="18" ec="1" el="22" bec="0" bev="0" fileid="5" xmlns:p8="xsi" />
            </Method>
          </Methods>
        </Class>
        <Class>
          <Summary numSequencePoints="0" visitedSequencePoints="0" numBranchPoints="2" visitedBranchPoints="2" sequenceCoverage="100" branchCoverage="100" maxCyclomaticComplexity="2" minCyclomaticComplexity="2" visitedClasses="0" numClasses="1" visitedMethods="0" numMethods="0" />
          <FullName>Prime.Startup/&lt;&gt;c</FullName>
          <Methods />
        </Class>
        <Class>
          <Summary numSequencePoints="8" visitedSequencePoints="8" numBranchPoints="0" visitedBranchPoints="0" sequenceCoverage="100" branchCoverage="100" maxCyclomaticComplexity="1" minCyclomaticComplexity="1" visitedClasses="1" numClasses="1" visitedMethods="2" numMethods="2" />
          <FullName>Prime.Services.DefaultEnrolmentService</FullName>
          <Methods>
            <Method cyclomaticComplexity="1" nPathComplexity="0" sequenceCoverage="100" branchCoverage="100" isConstructor="False" isGetter="False" isSetter="False" isStatic="True">
              <Summary numSequencePoints="3" visitedSequencePoints="3" numBranchPoints="0" visitedBranchPoints="0" sequenceCoverage="100" branchCoverage="100" maxCyclomaticComplexity="1" minCyclomaticComplexity="1" visitedClasses="0" numClasses="0" visitedMethods="1" numMethods="1" />
              <MetadataToken />
              <Name>System.Boolean Prime.Services.DefaultEnrolmentService::EnrolmentExists(System.Int32)</Name>
              <FileRef uid="6" />
              <SequencePoints>
                <SequencePoint vc="1" uspid="23" ordinal="0" sl="23" sc="1" el="23" ec="2" bec="0" bev="0" fileid="6" />
                <SequencePoint vc="1" uspid="24" ordinal="1" sl="24" sc="1" el="24" ec="2" bec="0" bev="0" fileid="6" />
                <SequencePoint vc="1" uspid="25" ordinal="2" sl="25" sc="1" el="25" ec="2" bec="0" bev="0" fileid="6" />
              </SequencePoints>
              <BranchPoints />
              <MethodPoint vc="3" uspid="0" p8:type="SequencePoint" ordinal="0" offset="0" sc="0" sl="23" ec="1" el="25" bec="0" bev="0" fileid="6" xmlns:p8="xsi" />
            </Method>
            <Method cyclomaticComplexity="1" nPathComplexity="0" sequenceCoverage="100" branchCoverage="100" isConstructor="True" isGetter="False" isSetter="False" isStatic="True">
              <Summary numSequencePoints="5" visitedSequencePoints="5" numBranchPoints="0" visitedBranchPoints="0" sequenceCoverage="100" branchCoverage="100" maxCyclomaticComplexity="1" minCyclomaticComplexity="1" visitedClasses="0" numClasses="0" visitedMethods="1" numMethods="1" />
              <MetadataToken />
              <Name>System.Void Prime.Services.DefaultEnrolmentService::.ctor(Prime.ApiDbContext)</Name>
              <FileRef uid="6" />
              <SequencePoints>
                <SequencePoint vc="13" uspid="16" ordinal="0" sl="16" sc="1" el="16" ec="2" bec="0" bev="0" fileid="6" />
                <SequencePoint vc="13" uspid="17" ordinal="1" sl="17" sc="1" el="17" ec="2" bec="0" bev="0" fileid="6" />
                <SequencePoint vc="13" uspid="18" ordinal="2" sl="18" sc="1" el="18" ec="2" bec="0" bev="0" fileid="6" />
                <SequencePoint vc="13" uspid="19" ordinal="3" sl="19" sc="1" el="19" ec="2" bec="0" bev="0" fileid="6" />
                <SequencePoint vc="13" uspid="20" ordinal="4" sl="20" sc="1" el="20" ec="2" bec="0" bev="0" fileid="6" />
              </SequencePoints>
              <BranchPoints />
              <MethodPoint vc="5" uspid="0" p8:type="SequencePoint" ordinal="1" offset="1" sc="0" sl="16" ec="1" el="20" bec="0" bev="0" fileid="6" xmlns:p8="xsi" />
            </Method>
          </Methods>
        </Class>
        <Class>
          <Summary numSequencePoints="14" visitedSequencePoints="0" numBranchPoints="4" visitedBranchPoints="0" sequenceCoverage="0" branchCoverage="0" maxCyclomaticComplexity="4" minCyclomaticComplexity="4" visitedClasses="0" numClasses="1" visitedMethods="0" numMethods="1" />
          <FullName>Prime.Services.DefaultEnrolmentService/&lt;GetEnrolmentAsync&gt;d__3</FullName>
          <Methods>
            <Method cyclomaticComplexity="4" nPathComplexity="0" sequenceCoverage="0" branchCoverage="0" isConstructor="False" isGetter="False" isSetter="False" isStatic="True">
              <Summary numSequencePoints="14" visitedSequencePoints="0" numBranchPoints="4" visitedBranchPoints="0" sequenceCoverage="0" branchCoverage="0" maxCyclomaticComplexity="4" minCyclomaticComplexity="4" visitedClasses="0" numClasses="0" visitedMethods="0" numMethods="1" />
              <MetadataToken />
              <Name>System.Void Prime.Services.DefaultEnrolmentService/&lt;GetEnrolmentAsync&gt;d__3::MoveNext()</Name>
              <FileRef uid="6" />
              <SequencePoints>
                <SequencePoint vc="0" uspid="28" ordinal="0" sl="28" sc="1" el="28" ec="2" bec="0" bev="0" fileid="6" />
                <SequencePoint vc="0" uspid="29" ordinal="1" sl="29" sc="1" el="29" ec="2" bec="0" bev="0" fileid="6" />
                <SequencePoint vc="0" uspid="30" ordinal="2" sl="30" sc="1" el="30" ec="2" bec="0" bev="0" fileid="6" />
                <SequencePoint vc="0" uspid="31" ordinal="3" sl="31" sc="1" el="31" ec="2" bec="0" bev="0" fileid="6" />
                <SequencePoint vc="0" uspid="32" ordinal="4" sl="32" sc="1" el="32" ec="2" bec="0" bev="0" fileid="6" />
                <SequencePoint vc="0" uspid="33" ordinal="5" sl="33" sc="1" el="33" ec="2" bec="0" bev="0" fileid="6" />
                <SequencePoint vc="0" uspid="34" ordinal="6" sl="34" sc="1" el="34" ec="2" bec="0" bev="0" fileid="6" />
                <SequencePoint vc="0" uspid="35" ordinal="7" sl="35" sc="1" el="35" ec="2" bec="0" bev="0" fileid="6" />
                <SequencePoint vc="0" uspid="36" ordinal="8" sl="36" sc="1" el="36" ec="2" bec="0" bev="0" fileid="6" />
                <SequencePoint vc="0" uspid="37" ordinal="9" sl="37" sc="1" el="37" ec="2" bec="0" bev="0" fileid="6" />
                <SequencePoint vc="0" uspid="38" ordinal="10" sl="38" sc="1" el="38" ec="2" bec="0" bev="0" fileid="6" />
                <SequencePoint vc="0" uspid="40" ordinal="11" sl="40" sc="1" el="40" ec="2" bec="0" bev="0" fileid="6" />
                <SequencePoint vc="0" uspid="42" ordinal="12" sl="42" sc="1" el="42" ec="2" bec="0" bev="0" fileid="6" />
                <SequencePoint vc="0" uspid="43" ordinal="13" sl="43" sc="1" el="43" ec="2" bec="0" bev="0" fileid="6" />
              </SequencePoints>
              <BranchPoints>
                <BranchPoint vc="0" uspid="29" ordinal="0" path="0" offset="637" offsetend="639" sl="29" fileid="6" />
                <BranchPoint vc="0" uspid="29" ordinal="1" path="1" offset="637" offsetend="707" sl="29" fileid="6" />
                <BranchPoint vc="0" uspid="40" ordinal="2" path="0" offset="752" offsetend="754" sl="40" fileid="6" />
                <BranchPoint vc="0" uspid="40" ordinal="3" path="1" offset="752" offsetend="758" sl="40" fileid="6" />
              </BranchPoints>
              <MethodPoint vc="0" uspid="0" p8:type="SequencePoint" ordinal="0" offset="0" sc="0" sl="28" ec="1" el="43" bec="0" bev="0" fileid="6" xmlns:p8="xsi" />
            </Method>
          </Methods>
        </Class>
        <Class>
          <Summary numSequencePoints="14" visitedSequencePoints="0" numBranchPoints="4" visitedBranchPoints="0" sequenceCoverage="0" branchCoverage="0" maxCyclomaticComplexity="4" minCyclomaticComplexity="4" visitedClasses="0" numClasses="1" visitedMethods="0" numMethods="1" />
          <FullName>Prime.Services.DefaultEnrolmentService/&lt;GetEnrolmentForUserIdAsync&gt;d__4</FullName>
          <Methods>
            <Method cyclomaticComplexity="4" nPathComplexity="0" sequenceCoverage="0" branchCoverage="0" isConstructor="False" isGetter="False" isSetter="False" isStatic="True">
              <Summary numSequencePoints="14" visitedSequencePoints="0" numBranchPoints="4" visitedBranchPoints="0" sequenceCoverage="0" branchCoverage="0" maxCyclomaticComplexity="4" minCyclomaticComplexity="4" visitedClasses="0" numClasses="0" visitedMethods="0" numMethods="1" />
              <MetadataToken />
              <Name>System.Void Prime.Services.DefaultEnrolmentService/&lt;GetEnrolmentForUserIdAsync&gt;d__4::MoveNext()</Name>
              <FileRef uid="6" />
              <SequencePoints>
                <SequencePoint vc="0" uspid="46" ordinal="0" sl="46" sc="1" el="46" ec="2" bec="0" bev="0" fileid="6" />
                <SequencePoint vc="0" uspid="47" ordinal="1" sl="47" sc="1" el="47" ec="2" bec="0" bev="0" fileid="6" />
                <SequencePoint vc="0" uspid="48" ordinal="2" sl="48" sc="1" el="48" ec="2" bec="0" bev="0" fileid="6" />
                <SequencePoint vc="0" uspid="49" ordinal="3" sl="49" sc="1" el="49" ec="2" bec="0" bev="0" fileid="6" />
                <SequencePoint vc="0" uspid="50" ordinal="4" sl="50" sc="1" el="50" ec="2" bec="0" bev="0" fileid="6" />
                <SequencePoint vc="0" uspid="51" ordinal="5" sl="51" sc="1" el="51" ec="2" bec="0" bev="0" fileid="6" />
                <SequencePoint vc="0" uspid="52" ordinal="6" sl="52" sc="1" el="52" ec="2" bec="0" bev="0" fileid="6" />
                <SequencePoint vc="0" uspid="53" ordinal="7" sl="53" sc="1" el="53" ec="2" bec="0" bev="0" fileid="6" />
                <SequencePoint vc="0" uspid="54" ordinal="8" sl="54" sc="1" el="54" ec="2" bec="0" bev="0" fileid="6" />
                <SequencePoint vc="0" uspid="55" ordinal="9" sl="55" sc="1" el="55" ec="2" bec="0" bev="0" fileid="6" />
                <SequencePoint vc="0" uspid="56" ordinal="10" sl="56" sc="1" el="56" ec="2" bec="0" bev="0" fileid="6" />
                <SequencePoint vc="0" uspid="58" ordinal="11" sl="58" sc="1" el="58" ec="2" bec="0" bev="0" fileid="6" />
                <SequencePoint vc="0" uspid="60" ordinal="12" sl="60" sc="1" el="60" ec="2" bec="0" bev="0" fileid="6" />
                <SequencePoint vc="0" uspid="61" ordinal="13" sl="61" sc="1" el="61" ec="2" bec="0" bev="0" fileid="6" />
              </SequencePoints>
              <BranchPoints>
                <BranchPoint vc="0" uspid="47" ordinal="0" path="0" offset="642" offsetend="644" sl="47" fileid="6" />
                <BranchPoint vc="0" uspid="47" ordinal="1" path="1" offset="642" offsetend="712" sl="47" fileid="6" />
                <BranchPoint vc="0" uspid="58" ordinal="2" path="0" offset="757" offsetend="759" sl="58" fileid="6" />
                <BranchPoint vc="0" uspid="58" ordinal="3" path="1" offset="757" offsetend="763" sl="58" fileid="6" />
              </BranchPoints>
              <MethodPoint vc="0" uspid="0" p8:type="SequencePoint" ordinal="0" offset="0" sc="0" sl="46" ec="1" el="61" bec="0" bev="0" fileid="6" xmlns:p8="xsi" />
            </Method>
          </Methods>
        </Class>
        <Class>
          <Summary numSequencePoints="13" visitedSequencePoints="13" numBranchPoints="1" visitedBranchPoints="1" sequenceCoverage="100" branchCoverage="100" maxCyclomaticComplexity="1" minCyclomaticComplexity="1" visitedClasses="1" numClasses="1" visitedMethods="1" numMethods="1" />
          <FullName>Prime.Services.DefaultEnrolmentService/&lt;GetEnrolmentsAsync&gt;d__5</FullName>
          <Methods>
            <Method cyclomaticComplexity="1" nPathComplexity="0" sequenceCoverage="100" branchCoverage="100" isConstructor="False" isGetter="False" isSetter="False" isStatic="True">
              <Summary numSequencePoints="13" visitedSequencePoints="13" numBranchPoints="1" visitedBranchPoints="1" sequenceCoverage="100" branchCoverage="100" maxCyclomaticComplexity="1" minCyclomaticComplexity="1" visitedClasses="0" numClasses="0" visitedMethods="1" numMethods="1" />
              <MetadataToken />
              <Name>System.Void Prime.Services.DefaultEnrolmentService/&lt;GetEnrolmentsAsync&gt;d__5::MoveNext()</Name>
              <FileRef uid="6" />
              <SequencePoints>
                <SequencePoint vc="2" uspid="64" ordinal="0" sl="64" sc="1" el="64" ec="2" bec="0" bev="0" fileid="6" />
                <SequencePoint vc="2" uspid="65" ordinal="1" sl="65" sc="1" el="65" ec="2" bec="0" bev="0" fileid="6" />
                <SequencePoint vc="2" uspid="66" ordinal="2" sl="66" sc="1" el="66" ec="2" bec="0" bev="0" fileid="6" />
                <SequencePoint vc="2" uspid="67" ordinal="3" sl="67" sc="1" el="67" ec="2" bec="0" bev="0" fileid="6" />
                <SequencePoint vc="2" uspid="68" ordinal="4" sl="68" sc="1" el="68" ec="2" bec="0" bev="0" fileid="6" />
                <SequencePoint vc="2" uspid="69" ordinal="5" sl="69" sc="1" el="69" ec="2" bec="0" bev="0" fileid="6" />
                <SequencePoint vc="2" uspid="70" ordinal="6" sl="70" sc="1" el="70" ec="2" bec="0" bev="0" fileid="6" />
                <SequencePoint vc="2" uspid="71" ordinal="7" sl="71" sc="1" el="71" ec="2" bec="0" bev="0" fileid="6" />
                <SequencePoint vc="2" uspid="72" ordinal="8" sl="72" sc="1" el="72" ec="2" bec="0" bev="0" fileid="6" />
                <SequencePoint vc="2" uspid="73" ordinal="9" sl="73" sc="1" el="73" ec="2" bec="0" bev="0" fileid="6" />
                <SequencePoint vc="2" uspid="75" ordinal="10" sl="75" sc="1" el="75" ec="2" bec="0" bev="0" fileid="6" />
                <SequencePoint vc="2" uspid="77" ordinal="11" sl="77" sc="1" el="77" ec="2" bec="0" bev="0" fileid="6" />
                <SequencePoint vc="2" uspid="78" ordinal="12" sl="78" sc="1" el="78" ec="2" bec="0" bev="0" fileid="6" />
              </SequencePoints>
              <BranchPoints>
                <BranchPoint vc="2" uspid="75" ordinal="1" path="1" offset="508" offsetend="575" sl="75" fileid="6" />
              </BranchPoints>
              <MethodPoint vc="13" uspid="0" p8:type="SequencePoint" ordinal="0" offset="0" sc="0" sl="64" ec="1" el="78" bec="0" bev="0" fileid="6" xmlns:p8="xsi" />
            </Method>
          </Methods>
        </Class>
        <Class>
          <Summary numSequencePoints="14" visitedSequencePoints="0" numBranchPoints="2" visitedBranchPoints="0" sequenceCoverage="0" branchCoverage="0" maxCyclomaticComplexity="2" minCyclomaticComplexity="2" visitedClasses="0" numClasses="1" visitedMethods="0" numMethods="1" />
          <FullName>Prime.Services.DefaultEnrolmentService/&lt;GetEnrolmentsForUserIdAsync&gt;d__6</FullName>
          <Methods>
            <Method cyclomaticComplexity="2" nPathComplexity="0" sequenceCoverage="0" branchCoverage="0" isConstructor="False" isGetter="False" isSetter="False" isStatic="True">
              <Summary numSequencePoints="14" visitedSequencePoints="0" numBranchPoints="2" visitedBranchPoints="0" sequenceCoverage="0" branchCoverage="0" maxCyclomaticComplexity="2" minCyclomaticComplexity="2" visitedClasses="0" numClasses="0" visitedMethods="0" numMethods="1" />
              <MetadataToken />
              <Name>System.Void Prime.Services.DefaultEnrolmentService/&lt;GetEnrolmentsForUserIdAsync&gt;d__6::MoveNext()</Name>
              <FileRef uid="6" />
              <SequencePoints>
                <SequencePoint vc="0" uspid="82" ordinal="0" sl="82" sc="1" el="82" ec="2" bec="0" bev="0" fileid="6" />
                <SequencePoint vc="0" uspid="83" ordinal="1" sl="83" sc="1" el="83" ec="2" bec="0" bev="0" fileid="6" />
                <SequencePoint vc="0" uspid="84" ordinal="2" sl="84" sc="1" el="84" ec="2" bec="0" bev="0" fileid="6" />
                <SequencePoint vc="0" uspid="85" ordinal="3" sl="85" sc="1" el="85" ec="2" bec="0" bev="0" fileid="6" />
                <SequencePoint vc="0" uspid="86" ordinal="4" sl="86" sc="1" el="86" ec="2" bec="0" bev="0" fileid="6" />
                <SequencePoint vc="0" uspid="87" ordinal="5" sl="87" sc="1" el="87" ec="2" bec="0" bev="0" fileid="6" />
                <SequencePoint vc="0" uspid="88" ordinal="6" sl="88" sc="1" el="88" ec="2" bec="0" bev="0" fileid="6" />
                <SequencePoint vc="0" uspid="89" ordinal="7" sl="89" sc="1" el="89" ec="2" bec="0" bev="0" fileid="6" />
                <SequencePoint vc="0" uspid="90" ordinal="8" sl="90" sc="1" el="90" ec="2" bec="0" bev="0" fileid="6" />
                <SequencePoint vc="0" uspid="91" ordinal="9" sl="91" sc="1" el="91" ec="2" bec="0" bev="0" fileid="6" />
                <SequencePoint vc="0" uspid="92" ordinal="10" sl="92" sc="1" el="92" ec="2" bec="0" bev="0" fileid="6" />
                <SequencePoint vc="0" uspid="94" ordinal="11" sl="94" sc="1" el="94" ec="2" bec="0" bev="0" fileid="6" />
                <SequencePoint vc="0" uspid="96" ordinal="12" sl="96" sc="1" el="96" ec="2" bec="0" bev="0" fileid="6" />
                <SequencePoint vc="0" uspid="97" ordinal="13" sl="97" sc="1" el="97" ec="2" bec="0" bev="0" fileid="6" />
              </SequencePoints>
              <BranchPoints>
                <BranchPoint vc="0" uspid="94" ordinal="0" path="0" offset="659" offsetend="661" sl="94" fileid="6" />
                <BranchPoint vc="0" uspid="94" ordinal="1" path="1" offset="659" offsetend="726" sl="94" fileid="6" />
              </BranchPoints>
              <MethodPoint vc="0" uspid="0" p8:type="SequencePoint" ordinal="0" offset="0" sc="0" sl="82" ec="1" el="97" bec="0" bev="0" fileid="6" xmlns:p8="xsi" />
            </Method>
          </Methods>
        </Class>
        <Class>
          <Summary numSequencePoints="7" visitedSequencePoints="7" numBranchPoints="2" visitedBranchPoints="2" sequenceCoverage="100" branchCoverage="100" maxCyclomaticComplexity="2" minCyclomaticComplexity="2" visitedClasses="1" numClasses="1" visitedMethods="1" numMethods="1" />
          <FullName>Prime.Services.DefaultEnrolmentService/&lt;CreateEnrolmentAsync&gt;d__7</FullName>
          <Methods>
            <Method cyclomaticComplexity="2" nPathComplexity="0" sequenceCoverage="100" branchCoverage="100" isConstructor="False" isGetter="False" isSetter="False" isStatic="True">
              <Summary numSequencePoints="7" visitedSequencePoints="7" numBranchPoints="2" visitedBranchPoints="2" sequenceCoverage="100" branchCoverage="100" maxCyclomaticComplexity="2" minCyclomaticComplexity="2" visitedClasses="0" numClasses="0" visitedMethods="1" numMethods="1" />
              <MetadataToken />
              <Name>System.Void Prime.Services.DefaultEnrolmentService/&lt;CreateEnrolmentAsync&gt;d__7::MoveNext()</Name>
              <FileRef uid="6" />
              <SequencePoints>
                <SequencePoint vc="6" uspid="100" ordinal="0" sl="100" sc="1" el="100" ec="2" bec="0" bev="0" fileid="6" />
                <SequencePoint vc="6" uspid="101" ordinal="1" sl="101" sc="1" el="101" ec="2" bec="0" bev="0" fileid="6" />
                <SequencePoint vc="6" uspid="102" ordinal="2" sl="102" sc="1" el="102" ec="2" bec="0" bev="0" fileid="6" />
                <SequencePoint vc="1" uspid="104" ordinal="3" sl="104" sc="1" el="104" ec="2" bec="0" bev="0" fileid="6" />
                <SequencePoint vc="1" uspid="105" ordinal="4" sl="105" sc="1" el="105" ec="2" bec="0" bev="0" fileid="6" />
                <SequencePoint vc="1" uspid="107" ordinal="5" sl="107" sc="1" el="107" ec="2" bec="0" bev="0" fileid="6" />
                <SequencePoint vc="1" uspid="108" ordinal="6" sl="108" sc="1" el="108" ec="2" bec="0" bev="0" fileid="6" />
              </SequencePoints>
              <BranchPoints>
                <BranchPoint vc="1" uspid="104" ordinal="1" path="1" offset="98" offsetend="168" sl="104" fileid="6" />
                <BranchPoint vc="1" uspid="105" ordinal="3" path="1" offset="206" offsetend="219" sl="105" fileid="6" />
              </BranchPoints>
              <MethodPoint vc="7" uspid="0" p8:type="SequencePoint" ordinal="0" offset="0" sc="0" sl="100" ec="1" el="108" bec="0" bev="0" fileid="6" xmlns:p8="xsi" />
            </Method>
          </Methods>
        </Class>
        <Class>
          <Summary numSequencePoints="18" visitedSequencePoints="0" numBranchPoints="8" visitedBranchPoints="0" sequenceCoverage="0" branchCoverage="0" maxCyclomaticComplexity="8" minCyclomaticComplexity="8" visitedClasses="0" numClasses="1" visitedMethods="0" numMethods="1" />
          <FullName>Prime.Services.DefaultEnrolmentService/&lt;UpdateEnrolmentAsync&gt;d__8</FullName>
          <Methods>
            <Method cyclomaticComplexity="8" nPathComplexity="0" sequenceCoverage="0" branchCoverage="0" isConstructor="False" isGetter="False" isSetter="False" isStatic="True">
              <Summary numSequencePoints="18" visitedSequencePoints="0" numBranchPoints="8" visitedBranchPoints="0" sequenceCoverage="0" branchCoverage="0" maxCyclomaticComplexity="8" minCyclomaticComplexity="8" visitedClasses="0" numClasses="0" visitedMethods="0" numMethods="1" />
              <MetadataToken />
              <Name>System.Void Prime.Services.DefaultEnrolmentService/&lt;UpdateEnrolmentAsync&gt;d__8::MoveNext()</Name>
              <FileRef uid="6" />
              <SequencePoints>
                <SequencePoint vc="0" uspid="111" ordinal="0" sl="111" sc="1" el="111" ec="2" bec="0" bev="0" fileid="6" />
                <SequencePoint vc="0" uspid="112" ordinal="1" sl="112" sc="1" el="112" ec="2" bec="0" bev="0" fileid="6" />
                <SequencePoint vc="0" uspid="113" ordinal="2" sl="113" sc="1" el="113" ec="2" bec="0" bev="0" fileid="6" />
                <SequencePoint vc="0" uspid="114" ordinal="3" sl="114" sc="1" el="114" ec="2" bec="0" bev="0" fileid="6" />
                <SequencePoint vc="0" uspid="115" ordinal="4" sl="115" sc="1" el="115" ec="2" bec="0" bev="0" fileid="6" />
                <SequencePoint vc="0" uspid="116" ordinal="5" sl="116" sc="1" el="116" ec="2" bec="0" bev="0" fileid="6" />
                <SequencePoint vc="0" uspid="117" ordinal="6" sl="117" sc="1" el="117" ec="2" bec="0" bev="0" fileid="6" />
                <SequencePoint vc="0" uspid="118" ordinal="7" sl="118" sc="1" el="118" ec="2" bec="0" bev="0" fileid="6" />
                <SequencePoint vc="0" uspid="120" ordinal="8" sl="120" sc="1" el="120" ec="2" bec="0" bev="0" fileid="6" />
                <SequencePoint vc="0" uspid="121" ordinal="9" sl="121" sc="1" el="121" ec="2" bec="0" bev="0" fileid="6" />
                <SequencePoint vc="0" uspid="122" ordinal="10" sl="122" sc="1" el="122" ec="2" bec="0" bev="0" fileid="6" />
                <SequencePoint vc="0" uspid="123" ordinal="11" sl="123" sc="1" el="123" ec="2" bec="0" bev="0" fileid="6" />
                <SequencePoint vc="0" uspid="126" ordinal="12" sl="126" sc="1" el="126" ec="2" bec="0" bev="0" fileid="6" />
                <SequencePoint vc="0" uspid="127" ordinal="13" sl="127" sc="1" el="127" ec="2" bec="0" bev="0" fileid="6" />
                <SequencePoint vc="0" uspid="129" ordinal="14" sl="129" sc="1" el="129" ec="2" bec="0" bev="0" fileid="6" />
                <SequencePoint vc="0" uspid="130" ordinal="15" sl="130" sc="1" el="130" ec="2" bec="0" bev="0" fileid="6" />
                <SequencePoint vc="0" uspid="131" ordinal="16" sl="131" sc="1" el="131" ec="2" bec="0" bev="0" fileid="6" />
                <SequencePoint vc="0" uspid="133" ordinal="17" sl="133" sc="1" el="133" ec="2" bec="0" bev="0" fileid="6" />
              </SequencePoints>
              <BranchPoints>
                <BranchPoint vc="0" uspid="113" ordinal="3" path="1" offset="199" offsetend="72" sl="113" fileid="6" />
                <BranchPoint vc="0" uspid="115" ordinal="0" path="0" offset="114" offsetend="116" sl="115" fileid="6" />
                <BranchPoint vc="0" uspid="115" ordinal="1" path="1" offset="114" offsetend="149" sl="115" fileid="6" />
                <BranchPoint vc="0" uspid="113" ordinal="2" path="0" offset="199" offsetend="204" sl="113" fileid="6" />
                <BranchPoint vc="0" uspid="113" ordinal="4" path="0" offset="240" offsetend="246" sl="113" fileid="6" />
                <BranchPoint vc="0" uspid="127" ordinal="6" path="0" offset="287" offsetend="289" sl="127" fileid="6" />
                <BranchPoint vc="0" uspid="113" ordinal="5" path="1" offset="240" offsetend="327" sl="113" fileid="6" />
                <BranchPoint vc="0" uspid="127" ordinal="7" path="1" offset="287" offsetend="356" sl="127" fileid="6" />
              </BranchPoints>
              <MethodPoint vc="0" uspid="0" p8:type="SequencePoint" ordinal="0" offset="0" sc="0" sl="111" ec="1" el="133" bec="0" bev="0" fileid="6" xmlns:p8="xsi" />
            </Method>
          </Methods>
        </Class>
        <Class>
          <Summary numSequencePoints="7" visitedSequencePoints="0" numBranchPoints="8" visitedBranchPoints="0" sequenceCoverage="0" branchCoverage="0" maxCyclomaticComplexity="8" minCyclomaticComplexity="8" visitedClasses="0" numClasses="1" visitedMethods="0" numMethods="1" />
          <FullName>Prime.Services.DefaultEnrolmentService/&lt;DeleteEnrolmentAsync&gt;d__9</FullName>
          <Methods>
[...]
              </SequencePoints>
              <BranchPoints>
                <BranchPoint vc="2" uspid="38" ordinal="0" path="0" offset="14" offsetend="25" sl="38" fileid="26" />
                <BranchPoint vc="2" uspid="45" ordinal="3" path="1" offset="65" offsetend="135" sl="45" fileid="26" />
              </BranchPoints>
              <MethodPoint vc="8" uspid="0" p8:type="SequencePoint" ordinal="0" offset="0" sc="0" sl="38" ec="1" el="54" bec="0" bev="0" fileid="26" xmlns:p8="xsi" />
            </Method>
          </Methods>
        </Class>
        <Class>
          <Summary numSequencePoints="10" visitedSequencePoints="0" numBranchPoints="6" visitedBranchPoints="0" sequenceCoverage="0" branchCoverage="0" maxCyclomaticComplexity="6" minCyclomaticComplexity="6" visitedClasses="0" numClasses="1" visitedMethods="0" numMethods="1" />
          <FullName>Prime.Controllers.EnrolmentController/&lt;GetEnrolmentById&gt;d__3</FullName>
          <Methods>
            <Method cyclomaticComplexity="6" nPathComplexity="0" sequenceCoverage="0" branchCoverage="0" isConstructor="False" isGetter="False" isSetter="False" isStatic="True">
              <Summary numSequencePoints="10" visitedSequencePoints="0" numBranchPoints="6" visitedBranchPoints="0" sequenceCoverage="0" branchCoverage="0" maxCyclomaticComplexity="6" minCyclomaticComplexity="6" visitedClasses="0" numClasses="0" visitedMethods="0" numMethods="1" />
              <MetadataToken />
              <Name>System.Void Prime.Controllers.EnrolmentController/&lt;GetEnrolmentById&gt;d__3::MoveNext()</Name>
              <FileRef uid="26" />
              <SequencePoints>
                <SequencePoint vc="0" uspid="66" ordinal="0" sl="66" sc="1" el="66" ec="2" bec="0" bev="0" fileid="26" />
                <SequencePoint vc="0" uspid="67" ordinal="1" sl="67" sc="1" el="67" ec="2" bec="0" bev="0" fileid="26" />
                <SequencePoint vc="0" uspid="69" ordinal="2" sl="69" sc="1" el="69" ec="2" bec="0" bev="0" fileid="26" />
                <SequencePoint vc="0" uspid="70" ordinal="3" sl="70" sc="1" el="70" ec="2" bec="0" bev="0" fileid="26" />
                <SequencePoint vc="0" uspid="71" ordinal="4" sl="71" sc="1" el="71" ec="2" bec="0" bev="0" fileid="26" />
                <SequencePoint vc="0" uspid="75" ordinal="5" sl="75" sc="1" el="75" ec="2" bec="0" bev="0" fileid="26" />
                <SequencePoint vc="0" uspid="76" ordinal="6" sl="76" sc="1" el="76" ec="2" bec="0" bev="0" fileid="26" />
                <SequencePoint vc="0" uspid="77" ordinal="7" sl="77" sc="1" el="77" ec="2" bec="0" bev="0" fileid="26" />
                <SequencePoint vc="0" uspid="80" ordinal="8" sl="80" sc="1" el="80" ec="2" bec="0" bev="0" fileid="26" />
                <SequencePoint vc="0" uspid="81" ordinal="9" sl="81" sc="1" el="81" ec="2" bec="0" bev="0" fileid="26" />
              </SequencePoints>
              <BranchPoints>
                <BranchPoint vc="0" uspid="67" ordinal="0" path="0" offset="50" offsetend="52" sl="67" fileid="26" />
                <BranchPoint vc="0" uspid="67" ordinal="1" path="1" offset="50" offsetend="119" sl="67" fileid="26" />
                <BranchPoint vc="0" uspid="69" ordinal="2" path="0" offset="164" offsetend="166" sl="69" fileid="26" />
                <BranchPoint vc="0" uspid="69" ordinal="3" path="1" offset="164" offsetend="186" sl="69" fileid="26" />
                <BranchPoint vc="0" uspid="75" ordinal="4" path="0" offset="210" offsetend="212" sl="75" fileid="26" />
                <BranchPoint vc="0" uspid="75" ordinal="5" path="1" offset="210" offsetend="232" sl="75" fileid="26" />
              </BranchPoints>
              <MethodPoint vc="0" uspid="0" p8:type="SequencePoint" ordinal="0" offset="0" sc="0" sl="66" ec="1" el="81" bec="0" bev="0" fileid="26" xmlns:p8="xsi" />
            </Method>
          </Methods>
        </Class>
        <Class>
          <Summary numSequencePoints="4" visitedSequencePoints="4" numBranchPoints="1" visitedBranchPoints="1" sequenceCoverage="100" branchCoverage="100" maxCyclomaticComplexity="1" minCyclomaticComplexity="1" visitedClasses="1" numClasses="1" visitedMethods="1" numMethods="1" />
          <FullName>Prime.Controllers.EnrolmentController/&lt;CreateEnrolment&gt;d__4</FullName>
          <Methods>
            <Method cyclomaticComplexity="1" nPathComplexity="0" sequenceCoverage="100" branchCoverage="100" isConstructor="False" isGetter="False" isSetter="False" isStatic="True">
              <Summary numSequencePoints="4" visitedSequencePoints="4" numBranchPoints="1" visitedBranchPoints="1" sequenceCoverage="100" branchCoverage="100" maxCyclomaticComplexity="1" minCyclomaticComplexity="1" visitedClasses="0" numClasses="0" visitedMethods="1" numMethods="1" />
              <MetadataToken />
              <Name>System.Void Prime.Controllers.EnrolmentController/&lt;CreateEnrolment&gt;d__4::MoveNext()</Name>
              <FileRef uid="26" />
              <SequencePoints>
                <SequencePoint vc="1" uspid="92" ordinal="0" sl="92" sc="1" el="92" ec="2" bec="0" bev="0" fileid="26" />
                <SequencePoint vc="1" uspid="93" ordinal="1" sl="93" sc="1" el="93" ec="2" bec="0" bev="0" fileid="26" />
                <SequencePoint vc="1" uspid="95" ordinal="2" sl="95" sc="1" el="95" ec="2" bec="0" bev="0" fileid="26" />
                <SequencePoint vc="1" uspid="96" ordinal="3" sl="96" sc="1" el="96" ec="2" bec="0" bev="0" fileid="26" />
              </SequencePoints>
              <BranchPoints>
                <BranchPoint vc="1" uspid="93" ordinal="1" path="1" offset="50" offsetend="119" sl="93" fileid="26" />
              </BranchPoints>
              <MethodPoint vc="4" uspid="0" p8:type="SequencePoint" ordinal="0" offset="0" sc="0" sl="92" ec="1" el="96" bec="0" bev="0" fileid="26" xmlns:p8="xsi" />
            </Method>
          </Methods>
        </Class>
        <Class>
          <Summary numSequencePoints="13" visitedSequencePoints="0" numBranchPoints="8" visitedBranchPoints="0" sequenceCoverage="0" branchCoverage="0" maxCyclomaticComplexity="8" minCyclomaticComplexity="8" visitedClasses="0" numClasses="1" visitedMethods="0" numMethods="1" />
          <FullName>Prime.Controllers.EnrolmentController/&lt;UpdateEnrolment&gt;d__5</FullName>
          <Methods>
            <Method cyclomaticComplexity="8" nPathComplexity="0" sequenceCoverage="0" branchCoverage="0" isConstructor="False" isGetter="False" isSetter="False" isStatic="True">
              <Summary numSequencePoints="13" visitedSequencePoints="0" numBranchPoints="8" visitedBranchPoints="0" sequenceCoverage="0" branchCoverage="0" maxCyclomaticComplexity="8" minCyclomaticComplexity="8" visitedClasses="0" numClasses="0" visitedMethods="0" numMethods="1" />
              <MetadataToken />
              <Name>System.Void Prime.Controllers.EnrolmentController/&lt;UpdateEnrolment&gt;d__5::MoveNext()</Name>
              <FileRef uid="26" />
              <SequencePoints>
                <SequencePoint vc="0" uspid="111" ordinal="0" sl="111" sc="1" el="111" ec="2" bec="0" bev="0" fileid="26" />
                <SequencePoint vc="0" uspid="112" ordinal="1" sl="112" sc="1" el="112" ec="2" bec="0" bev="0" fileid="26" />
                <SequencePoint vc="0" uspid="113" ordinal="2" sl="113" sc="1" el="113" ec="2" bec="0" bev="0" fileid="26" />
                <SequencePoint vc="0" uspid="114" ordinal="3" sl="114" sc="1" el="114" ec="2" bec="0" bev="0" fileid="26" />
                <SequencePoint vc="0" uspid="117" ordinal="4" sl="117" sc="1" el="117" ec="2" bec="0" bev="0" fileid="26" />
                <SequencePoint vc="0" uspid="118" ordinal="5" sl="118" sc="1" el="118" ec="2" bec="0" bev="0" fileid="26" />
                <SequencePoint vc="0" uspid="119" ordinal="6" sl="119" sc="1" el="119" ec="2" bec="0" bev="0" fileid="26" />
                <SequencePoint vc="0" uspid="123" ordinal="7" sl="123" sc="1" el="123" ec="2" bec="0" bev="0" fileid="26" />
                <SequencePoint vc="0" uspid="124" ordinal="8" sl="124" sc="1" el="124" ec="2" bec="0" bev="0" fileid="26" />
                <SequencePoint vc="0" uspid="125" ordinal="9" sl="125" sc="1" el="125" ec="2" bec="0" bev="0" fileid="26" />
                <SequencePoint vc="0" uspid="128" ordinal="10" sl="128" sc="1" el="128" ec="2" bec="0" bev="0" fileid="26" />
                <SequencePoint vc="0" uspid="130" ordinal="11" sl="130" sc="1" el="130" ec="2" bec="0" bev="0" fileid="26" />
                <SequencePoint vc="0" uspid="131" ordinal="12" sl="131" sc="1" el="131" ec="2" bec="0" bev="0" fileid="26" />
              </SequencePoints>
              <BranchPoints>
                <BranchPoint vc="0" uspid="112" ordinal="0" path="0" offset="58" offsetend="60" sl="112" fileid="26" />
                <BranchPoint vc="0" uspid="112" ordinal="1" path="1" offset="58" offsetend="78" sl="112" fileid="26" />
                <BranchPoint vc="0" uspid="117" ordinal="2" path="0" offset="107" offsetend="109" sl="117" fileid="26" />
                <BranchPoint vc="0" uspid="117" ordinal="3" path="1" offset="107" offsetend="127" sl="117" fileid="26" />
                <BranchPoint vc="0" uspid="123" ordinal="4" path="0" offset="151" offsetend="153" sl="123" fileid="26" />
                <BranchPoint vc="0" uspid="123" ordinal="5" path="1" offset="151" offsetend="171" sl="123" fileid="26" />
                <BranchPoint vc="0" uspid="128" ordinal="6" path="0" offset="207" offsetend="209" sl="128" fileid="26" />
                <BranchPoint vc="0" uspid="128" ordinal="7" path="1" offset="207" offsetend="276" sl="128" fileid="26" />
              </BranchPoints>
              <MethodPoint vc="0" uspid="0" p8:type="SequencePoint" ordinal="0" offset="0" sc="0" sl="111" ec="1" el="131" bec="0" bev="0" fileid="26" xmlns:p8="xsi" />
            </Method>
          </Methods>
        </Class>
        <Class>
          <Summary numSequencePoints="11" visitedSequencePoints="0" numBranchPoints="10" visitedBranchPoints="0" sequenceCoverage="0" branchCoverage="0" maxCyclomaticComplexity="10" minCyclomaticComplexity="10" visitedClasses="0" numClasses="1" visitedMethods="0" numMethods="1" />
          <FullName>Prime.Controllers.EnrolmentController/&lt;DeleteEnrolment&gt;d__6</FullName>
          <Methods>
            <Method cyclomaticComplexity="10" nPathComplexity="0" sequenceCoverage="0" branchCoverage="0" isConstructor="False" isGetter="False" isSetter="False" isStatic="True">
              <Summary numSequencePoints="11" visitedSequencePoints="0" numBranchPoints="10" visitedBranchPoints="0" sequenceCoverage="0" branchCoverage="0" maxCyclomaticComplexity="10" minCyclomaticComplexity="10" visitedClasses="0" numClasses="0" visitedMethods="0" numMethods="1" />
              <MetadataToken />
              <Name>System.Void Prime.Controllers.EnrolmentController/&lt;DeleteEnrolment&gt;d__6::MoveNext()</Name>
              <FileRef uid="26" />
              <SequencePoints>
                <SequencePoint vc="0" uspid="143" ordinal="0" sl="143" sc="1" el="143" ec="2" bec="0" bev="0" fileid="26" />
                <SequencePoint vc="0" uspid="144" ordinal="1" sl="144" sc="1" el="144" ec="2" bec="0" bev="0" fileid="26" />
                <SequencePoint vc="0" uspid="145" ordinal="2" sl="145" sc="1" el="145" ec="2" bec="0" bev="0" fileid="26" />
                <SequencePoint vc="0" uspid="146" ordinal="3" sl="146" sc="1" el="146" ec="2" bec="0" bev="0" fileid="26" />
                <SequencePoint vc="0" uspid="147" ordinal="4" sl="147" sc="1" el="147" ec="2" bec="0" bev="0" fileid="26" />
                <SequencePoint vc="0" uspid="151" ordinal="5" sl="151" sc="1" el="151" ec="2" bec="0" bev="0" fileid="26" />
                <SequencePoint vc="0" uspid="152" ordinal="6" sl="152" sc="1" el="152" ec="2" bec="0" bev="0" fileid="26" />
                <SequencePoint vc="0" uspid="153" ordinal="7" sl="153" sc="1" el="153" ec="2" bec="0" bev="0" fileid="26" />
                <SequencePoint vc="0" uspid="156" ordinal="8" sl="156" sc="1" el="156" ec="2" bec="0" bev="0" fileid="26" />
                <SequencePoint vc="0" uspid="158" ordinal="9" sl="158" sc="1" el="158" ec="2" bec="0" bev="0" fileid="26" />
                <SequencePoint vc="0" uspid="159" ordinal="10" sl="159" sc="1" el="159" ec="2" bec="0" bev="0" fileid="26" />
              </SequencePoints>
              <BranchPoints>
                <BranchPoint vc="0" uspid="143" ordinal="0" path="0" offset="14" offsetend="25" sl="143" fileid="26" />
                <BranchPoint vc="0" uspid="144" ordinal="2" path="0" offset="61" offsetend="63" sl="144" fileid="26" />
                <BranchPoint vc="0" uspid="144" ordinal="3" path="1" offset="61" offsetend="130" sl="144" fileid="26" />
                <BranchPoint vc="0" uspid="145" ordinal="4" path="0" offset="175" offsetend="177" sl="145" fileid="26" />
                <BranchPoint vc="0" uspid="145" ordinal="5" path="1" offset="175" offsetend="200" sl="145" fileid="26" />
                <BranchPoint vc="0" uspid="151" ordinal="6" path="0" offset="224" offsetend="226" sl="151" fileid="26" />
                <BranchPoint vc="0" uspid="151" ordinal="7" path="1" offset="224" offsetend="249" sl="151" fileid="26" />
                <BranchPoint vc="0" uspid="156" ordinal="8" path="0" offset="285" offsetend="287" sl="156" fileid="26" />
                <BranchPoint vc="0" uspid="143" ordinal="1" path="1" offset="14" offsetend="324" sl="143" fileid="26" />
                <BranchPoint vc="0" uspid="156" ordinal="9" path="1" offset="285" offsetend="353" sl="156" fileid="26" />
              </BranchPoints>
              <MethodPoint vc="0" uspid="0" p8:type="SequencePoint" ordinal="0" offset="0" sc="0" sl="143" ec="1" el="159" bec="0" bev="0" fileid="26" xmlns:p8="xsi" />
            </Method>
          </Methods>
        </Class>
        <Class>
          <Summary numSequencePoints="4" visitedSequencePoints="0" numBranchPoints="0" visitedBranchPoints="0" sequenceCoverage="0" branchCoverage="100" maxCyclomaticComplexity="1" minCyclomaticComplexity="1" visitedClasses="0" numClasses="1" visitedMethods="0" numMethods="1" />
          <FullName>Prime.Controllers.LookupController</FullName>
          <Methods>
            <Method cyclomaticComplexity="1" nPathComplexity="0" sequenceCoverage="0" branchCoverage="100" isConstructor="True" isGetter="False" isSetter="False" isStatic="True">
              <Summary numSequencePoints="4" visitedSequencePoints="0" numBranchPoints="0" visitedBranchPoints="0" sequenceCoverage="0" branchCoverage="100" maxCyclomaticComplexity="1" minCyclomaticComplexity="1" visitedClasses="0" numClasses="0" visitedMethods="0" numMethods="1" />
              <MetadataToken />
              <Name>System.Void Prime.Controllers.LookupController::.ctor(Prime.Services.ILookupService)</Name>
              <FileRef uid="27" />
              <SequencePoints>
                <SequencePoint vc="0" uspid="23" ordinal="0" sl="23" sc="1" el="23" ec="2" bec="0" bev="0" fileid="27" />
                <SequencePoint vc="0" uspid="24" ordinal="1" sl="24" sc="1" el="24" ec="2" bec="0" bev="0" fileid="27" />
                <SequencePoint vc="0" uspid="25" ordinal="2" sl="25" sc="1" el="25" ec="2" bec="0" bev="0" fileid="27" />
                <SequencePoint vc="0" uspid="26" ordinal="3" sl="26" sc="1" el="26" ec="2" bec="0" bev="0" fileid="27" />
              </SequencePoints>
              <BranchPoints />
              <MethodPoint vc="0" uspid="0" p8:type="SequencePoint" ordinal="0" offset="0" sc="0" sl="23" ec="1" el="26" bec="0" bev="0" fileid="27" xmlns:p8="xsi" />
            </Method>
          </Methods>
        </Class>
        <Class>
          <Summary numSequencePoints="10" visitedSequencePoints="0" numBranchPoints="12" visitedBranchPoints="0" sequenceCoverage="0" branchCoverage="0" maxCyclomaticComplexity="12" minCyclomaticComplexity="12" visitedClasses="0" numClasses="1" visitedMethods="0" numMethods="1" />
          <FullName>Prime.Controllers.LookupController/&lt;GetLookups&gt;d__2</FullName>
          <Methods>
            <Method cyclomaticComplexity="12" nPathComplexity="0" sequenceCoverage="0" branchCoverage="0" isConstructor="False" isGetter="False" isSetter="False" isStatic="True">
              <Summary numSequencePoints="10" visitedSequencePoints="0" numBranchPoints="12" visitedBranchPoints="0" sequenceCoverage="0" branchCoverage="0" maxCyclomaticComplexity="12" minCyclomaticComplexity="12" visitedClasses="0" numClasses="0" visitedMethods="0" numMethods="1" />
              <MetadataToken />
              <Name>System.Void Prime.Controllers.LookupController/&lt;GetLookups&gt;d__2::MoveNext()</Name>
              <FileRef uid="27" />
              <SequencePoints>
                <SequencePoint vc="0" uspid="34" ordinal="0" sl="34" sc="1" el="34" ec="2" bec="0" bev="0" fileid="27" />
                <SequencePoint vc="0" uspid="35" ordinal="1" sl="35" sc="1" el="35" ec="2" bec="0" bev="0" fileid="27" />
                <SequencePoint vc="0" uspid="37" ordinal="2" sl="37" sc="1" el="37" ec="2" bec="0" bev="0" fileid="27" />
                <SequencePoint vc="0" uspid="38" ordinal="3" sl="38" sc="1" el="38" ec="2" bec="0" bev="0" fileid="27" />
                <SequencePoint vc="0" uspid="39" ordinal="4" sl="39" sc="1" el="39" ec="2" bec="0" bev="0" fileid="27" />
                <SequencePoint vc="0" uspid="40" ordinal="5" sl="40" sc="1" el="40" ec="2" bec="0" bev="0" fileid="27" />
                <SequencePoint vc="0" uspid="41" ordinal="6" sl="41" sc="1" el="41" ec="2" bec="0" bev="0" fileid="27" />
                <SequencePoint vc="0" uspid="42" ordinal="7" sl="42" sc="1" el="42" ec="2" bec="0" bev="0" fileid="27" />
                <SequencePoint vc="0" uspid="44" ordinal="8" sl="44" sc="1" el="44" ec="2" bec="0" bev="0" fileid="27" />
                <SequencePoint vc="0" uspid="45" ordinal="9" sl="45" sc="1" el="45" ec="2" bec="0" bev="0" fileid="27" />
              </SequencePoints>
              <BranchPoints>
                <BranchPoint vc="0" uspid="37" ordinal="0" path="0" offset="119" offsetend="121" sl="37" fileid="27" />
                <BranchPoint vc="0" uspid="37" ordinal="1" path="1" offset="119" offsetend="188" sl="37" fileid="27" />
                <BranchPoint vc="0" uspid="38" ordinal="2" path="0" offset="275" offsetend="277" sl="38" fileid="27" />
                <BranchPoint vc="0" uspid="38" ordinal="3" path="1" offset="275" offsetend="346" sl="38" fileid="27" />
                <BranchPoint vc="0" uspid="39" ordinal="4" path="0" offset="433" offsetend="435" sl="39" fileid="27" />
                <BranchPoint vc="0" uspid="39" ordinal="5" path="1" offset="433" offsetend="504" sl="39" fileid="27" />
                <BranchPoint vc="0" uspid="40" ordinal="6" path="0" offset="591" offsetend="593" sl="40" fileid="27" />
                <BranchPoint vc="0" uspid="40" ordinal="7" path="1" offset="591" offsetend="662" sl="40" fileid="27" />
                <BranchPoint vc="0" uspid="41" ordinal="8" path="0" offset="749" offsetend="751" sl="41" fileid="27" />
                <BranchPoint vc="0" uspid="41" ordinal="9" path="1" offset="749" offsetend="820" sl="41" fileid="27" />
                <BranchPoint vc="0" uspid="42" ordinal="10" path="0" offset="907" offsetend="909" sl="42" fileid="27" />
                <BranchPoint vc="0" uspid="42" ordinal="11" path="1" offset="907" offsetend="978" sl="42" fileid="27" />
              </BranchPoints>
              <MethodPoint vc="0" uspid="0" p8:type="SequencePoint" ordinal="0" offset="0" sc="0" sl="34" ec="1" el="45" bec="0" bev="0" fileid="27" xmlns:p8="xsi" />
            </Method>
          </Methods>
        </Class>
      </Classes>
    </Module>
  </Modules>
</CoverageSession>